#
# A fatal error has been detected by the Java Runtime Environment:
#
#  Internal Error (javaCalls.cpp:51), pid=42284, tid=0x000000000000a45c
#  guarantee(thread->is_Java_thread()) failed: crucial check - the VM thread cannot and must not escape to Java code
#
# JRE version: Java(TM) SE Runtime Environment (8.0_261-b12) (build 1.8.0_261-b12)
# Java VM: Java HotSpot(TM) 64-Bit Server VM (25.261-b12 mixed mode windows-amd64 compressed oops)
# Failed to write core dump. Minidumps are not enabled by default on client versions of Windows
#
# If you would like to submit a bug report, please visit:
#   http://bugreport.java.com/bugreport/crash.jsp
#

---------------  T H R E A D  ---------------

Current thread (0x000001b643237800):  VMThread [stack: 0x00000080d3700000,0x00000080d3800000] [id=42076]

Stack: [0x00000080d3700000,0x00000080d3800000]
Native frames: (J=compiled Java code, j=interpreted, Vv=VM code, C=native code)
V  [jvm.dll+0x33e5f9]
V  [jvm.dll+0x2850e2]
V  [jvm.dll+0x285d8d]
V  [jvm.dll+0x27c817]
V  [jvm.dll+0x21aedd]
V  [jvm.dll+0x21b527]
V  [jvm.dll+0x33e512]
V  [jvm.dll+0x21bb51]
V  [jvm.dll+0x27d995]
V  [jvm.dll+0x27dbdd]
V  [jvm.dll+0x27dd29]
V  [jvm.dll+0x11aa58]
V  [jvm.dll+0x1165bb]
V  [jvm.dll+0x118483]
V  [jvm.dll+0x118cee]
V  [jvm.dll+0x11635a]
V  [jvm.dll+0x1154ea]
V  [jvm.dll+0xdccbb]
V  [jvm.dll+0xdd753]
V  [jvm.dll+0x1222f4]
V  [jvm.dll+0x145520]
V  [jvm.dll+0x1c9491]
V  [jvm.dll+0x255637]
V  [jvm.dll+0x253da5]
V  [jvm.dll+0x25451c]
V  [jvm.dll+0x25482c]
V  [jvm.dll+0x2a1cfc]
C  [ucrtbase.dll+0x210b2]
C  [KERNEL32.DLL+0x17c24]
C  [ntdll.dll+0x6d721]

VM_Operation (0x00000080d3cff3f0): GetOrSetLocal, mode: safepoint, requested by thread 0x000001b6432b5800


---------------  P R O C E S S  ---------------

Java Threads: ( => current thread )
  0x000001b647b87800 JavaThread "Okio Watchdog" daemon [_thread_blocked, id=41588, stack(0x00000080d5000000,0x00000080d5100000)]
  0x000001b645458000 JavaThread "Exec Stream Pumper" daemon [_thread_in_native, id=28584, stack(0x00000080d4a00000,0x00000080d4b00000)]
  0x000001b645457000 JavaThread "Exec Stream Pumper" daemon [_thread_in_native, id=26604, stack(0x00000080d4900000,0x00000080d4a00000)]
  0x000001b645455800 JavaThread "Exec Default Executor" daemon [_thread_in_native, id=23548, stack(0x00000080d4700000,0x00000080d4800000)]
  0x000001b645454000 JavaThread "ReaderThread" [_thread_in_native, id=43520, stack(0x00000080d4600000,0x00000080d4700000)]
  0x000001b645453800 JavaThread "Service Thread" daemon [_thread_blocked, id=17272, stack(0x00000080d4300000,0x00000080d4400000)]
  0x000001b6432fe000 JavaThread "C1 CompilerThread3" daemon [_thread_blocked, id=42216, stack(0x00000080d4200000,0x00000080d4300000)]
  0x000001b64542d000 JavaThread "C2 CompilerThread2" daemon [_thread_blocked, id=22736, stack(0x00000080d4100000,0x00000080d4200000)]
  0x000001b6432fb000 JavaThread "C2 CompilerThread1" daemon [_thread_blocked, id=34664, stack(0x00000080d4000000,0x00000080d4100000)]
  0x000001b6432d5000 JavaThread "C2 CompilerThread0" daemon [_thread_blocked, id=15476, stack(0x00000080d3f00000,0x00000080d4000000)]
  0x000001b6432ba800 JavaThread "JDWP Command Reader" daemon [_thread_in_native, id=43176, stack(0x00000080d3e00000,0x00000080d3f00000)]
  0x000001b6432b9800 JavaThread "JDWP Event Helper Thread" daemon [_thread_blocked, id=39624, stack(0x00000080d3d00000,0x00000080d3e00000)]
  0x000001b6432b5800 JavaThread "JDWP Transport Listener: dt_socket" daemon [_thread_blocked, id=21096, stack(0x00000080d3c00000,0x00000080d3d00000)]
  0x000001b64328e000 JavaThread "Attach Listener" daemon [_thread_blocked, id=43304, stack(0x00000080d3b00000,0x00000080d3c00000)]
  0x000001b64328c800 JavaThread "Signal Dispatcher" daemon [_thread_blocked, id=43320, stack(0x00000080d3a00000,0x00000080d3b00000)]
  0x000001b643267800 JavaThread "Finalizer" daemon [_thread_blocked, id=28104, stack(0x00000080d3900000,0x00000080d3a00000)]
  0x000001b643260800 JavaThread "Reference Handler" daemon [_thread_blocked, id=34992, stack(0x00000080d3800000,0x00000080d3900000)]
  0x000001b6285b1800 JavaThread "main" [_thread_blocked, id=41364, stack(0x00000080d2e00000,0x00000080d2f00000)]

Other Threads:
=>0x000001b643237800 VMThread [stack: 0x00000080d3700000,0x00000080d3800000] [id=42076]
  0x000001b6454bb000 WatcherThread [stack: 0x00000080d4400000,0x00000080d4500000] [id=30224]

VM state:at safepoint (normal execution)

VM Mutex/Monitor currently owned by a thread:  ([mutex/lock_event])
[0x000001b6285ae500] Threads_lock - owner thread: 0x000001b643237800

heap address: 0x00000006c3000000, size: 4048 MB, Compressed Oops mode: Zero based, Oop shift amount: 3
Narrow klass base: 0x0000000000000000, Narrow klass shift: 3
Compressed class space size: 1073741824 Address: 0x00000007c0000000

Heap:
 PSYoungGen      total 50176K, used 41167K [0x000000076bb00000, 0x000000076f280000, 0x00000007c0000000)
  eden space 44544K, 90% used [0x000000076bb00000,0x000000076e23c090,0x000000076e680000)
  from space 5632K, 17% used [0x000000076ed00000,0x000000076edf7b88,0x000000076f280000)
  to   space 6144K, 0% used [0x000000076e680000,0x000000076e680000,0x000000076ec80000)
 ParOldGen       total 75264K, used 11632K [0x00000006c3000000, 0x00000006c7980000, 0x000000076bb00000)
  object space 75264K, 15% used [0x00000006c3000000,0x00000006c3b5c0e0,0x00000006c7980000)
 Metaspace       used 25464K, capacity 26366K, committed 26624K, reserved 1073152K
  class space    used 3024K, capacity 3267K, committed 3328K, reserved 1048576K

Card table byte_map: [0x000001b639550000,0x000001b639d40000] byte_map_base: 0x000001b635f38000

Marking Bits: (ParMarkBitMap*) 0x00000000640d4fb0
 Begin Bits: [0x000001b63a290000, 0x000001b63e1d0000)
 End Bits:   [0x000001b63e1d0000, 0x000001b642110000)

Polling page: 0x000001b628760000

CodeCache: size=245760Kb used=12256Kb max_used=12287Kb free=233503Kb
 bounds [0x000001b62a190000, 0x000001b62adb0000, 0x000001b639190000]
 total_blobs=3901 nmethods=3408 adapters=412
 compilation: enabled

Compilation events (10 events):
Event: 299.100 Thread 0x000001b6432fe000 3984       3       java.io.FilePermission::init (246 bytes)
Event: 299.101 Thread 0x000001b6432fe000 nmethod 3984 0x000001b62a9a59d0 code [0x000001b62a9a5ca0, 0x000001b62a9a7090]
Event: 300.210 Thread 0x000001b6432fe000 3985       3       java.util.regex.Pattern::bitsOrSingle (104 bytes)
Event: 300.211 Thread 0x000001b6432fe000 nmethod 3985 0x000001b62a695310 code [0x000001b62a6954c0, 0x000001b62a695c40]
Event: 301.342 Thread 0x000001b6432fe000 3986   !   3       org.openqa.selenium.remote.RemoteWebElement::isDisplayed (56 bytes)
Event: 301.343 Thread 0x000001b6432fe000 nmethod 3986 0x000001b62a68aa90 code [0x000001b62a68ad20, 0x000001b62a68be90]
Event: 302.392 Thread 0x000001b6432fb000 3987       4       java.util.Spliterator$OfInt::forEachRemaining (53 bytes)
Event: 302.392 Thread 0x000001b64542d000 3988       4       java.util.stream.Sink$ChainedInt::end (10 bytes)
Event: 302.393 Thread 0x000001b64542d000 nmethod 3988 0x000001b62a2ade50 code [0x000001b62a2adfa0, 0x000001b62a2ae058]
Event: 302.396 Thread 0x000001b6432fb000 nmethod 3987 0x000001b62ad8d290 code [0x000001b62ad8d420, 0x000001b62ad8d9a8]

GC Heap History (10 events):
Event: 260.070 GC heap before
{Heap before GC invocations=23 (full 1):
 PSYoungGen      total 48640K, used 48131K [0x000000076bb00000, 0x000000076f700000, 0x00000007c0000000)
  eden space 47104K, 100% used [0x000000076bb00000,0x000000076e900000,0x000000076e900000)
  from space 1536K, 66% used [0x000000076e980000,0x000000076ea80f20,0x000000076eb00000)
  to   space 7168K, 0% used [0x000000076f000000,0x000000076f000000,0x000000076f700000)
 ParOldGen       total 75264K, used 11320K [0x00000006c3000000, 0x00000006c7980000, 0x000000076bb00000)
  object space 75264K, 15% used [0x00000006c3000000,0x00000006c3b0e0e0,0x00000006c7980000)
 Metaspace       used 25228K, capacity 26130K, committed 26368K, reserved 1073152K
  class space    used 3012K, capacity 3233K, committed 3328K, reserved 1048576K
Event: 260.072 GC heap after
Heap after GC invocations=23 (full 1):
 PSYoungGen      total 53248K, used 1028K [0x000000076bb00000, 0x000000076f680000, 0x00000007c0000000)
  eden space 46592K, 0% used [0x000000076bb00000,0x000000076bb00000,0x000000076e880000)
  from space 6656K, 15% used [0x000000076f000000,0x000000076f101388,0x000000076f680000)
  to   space 7168K, 0% used [0x000000076e880000,0x000000076e880000,0x000000076ef80000)
 ParOldGen       total 75264K, used 11424K [0x00000006c3000000, 0x00000006c7980000, 0x000000076bb00000)
  object space 75264K, 15% used [0x00000006c3000000,0x00000006c3b280e0,0x00000006c7980000)
 Metaspace       used 25228K, capacity 26130K, committed 26368K, reserved 1073152K
  class space    used 3012K, capacity 3233K, committed 3328K, reserved 1048576K
}
Event: 268.709 GC heap before
{Heap before GC invocations=24 (full 1):
 PSYoungGen      total 53248K, used 47620K [0x000000076bb00000, 0x000000076f680000, 0x00000007c0000000)
  eden space 46592K, 100% used [0x000000076bb00000,0x000000076e880000,0x000000076e880000)
  from space 6656K, 15% used [0x000000076f000000,0x000000076f101388,0x000000076f680000)
  to   space 7168K, 0% used [0x000000076e880000,0x000000076e880000,0x000000076ef80000)
 ParOldGen       total 75264K, used 11424K [0x00000006c3000000, 0x00000006c7980000, 0x000000076bb00000)
  object space 75264K, 15% used [0x00000006c3000000,0x00000006c3b280e0,0x00000006c7980000)
 Metaspace       used 25282K, capacity 26194K, committed 26368K, reserved 1073152K
  class space    used 3019K, capacity 3233K, committed 3328K, reserved 1048576K
Event: 268.710 GC heap after
Heap after GC invocations=24 (full 1):
 PSYoungGen      total 47104K, used 930K [0x000000076bb00000, 0x000000076f500000, 0x00000007c0000000)
  eden space 46080K, 0% used [0x000000076bb00000,0x000000076bb00000,0x000000076e800000)
  from space 1024K, 90% used [0x000000076e880000,0x000000076e968960,0x000000076e980000)
  to   space 6656K, 0% used [0x000000076ee80000,0x000000076ee80000,0x000000076f500000)
 ParOldGen       total 75264K, used 11496K [0x00000006c3000000, 0x00000006c7980000, 0x000000076bb00000)
  object space 75264K, 15% used [0x00000006c3000000,0x00000006c3b3a0e0,0x00000006c7980000)
 Metaspace       used 25282K, capacity 26194K, committed 26368K, reserved 1073152K
  class space    used 3019K, capacity 3233K, committed 3328K, reserved 1048576K
}
Event: 279.728 GC heap before
{Heap before GC invocations=25 (full 1):
 PSYoungGen      total 47104K, used 47010K [0x000000076bb00000, 0x000000076f500000, 0x00000007c0000000)
  eden space 46080K, 100% used [0x000000076bb00000,0x000000076e800000,0x000000076e800000)
  from space 1024K, 90% used [0x000000076e880000,0x000000076e968960,0x000000076e980000)
  to   space 6656K, 0% used [0x000000076ee80000,0x000000076ee80000,0x000000076f500000)
 ParOldGen       total 75264K, used 11496K [0x00000006c3000000, 0x00000006c7980000, 0x000000076bb00000)
  object space 75264K, 15% used [0x00000006c3000000,0x00000006c3b3a0e0,0x00000006c7980000)
 Metaspace       used 25282K, capacity 26194K, committed 26368K, reserved 1073152K
  class space    used 3019K, capacity 3233K, committed 3328K, reserved 1048576K
Event: 279.730 GC heap after
Heap after GC invocations=25 (full 1):
 PSYoungGen      total 51712K, used 1136K [0x000000076bb00000, 0x000000076f480000, 0x00000007c0000000)
  eden space 45568K, 0% used [0x000000076bb00000,0x000000076bb00000,0x000000076e780000)
  from space 6144K, 18% used [0x000000076ee80000,0x000000076ef9c388,0x000000076f480000)
  to   space 6656K, 0% used [0x000000076e780000,0x000000076e780000,0x000000076ee00000)
 ParOldGen       total 75264K, used 11536K [0x00000006c3000000, 0x00000006c7980000, 0x000000076bb00000)
  object space 75264K, 15% used [0x00000006c3000000,0x00000006c3b440e0,0x00000006c7980000)
 Metaspace       used 25282K, capacity 26194K, committed 26368K, reserved 1073152K
  class space    used 3019K, capacity 3233K, committed 3328K, reserved 1048576K
}
Event: 288.386 GC heap before
{Heap before GC invocations=26 (full 1):
 PSYoungGen      total 51712K, used 46704K [0x000000076bb00000, 0x000000076f480000, 0x00000007c0000000)
  eden space 45568K, 100% used [0x000000076bb00000,0x000000076e780000,0x000000076e780000)
  from space 6144K, 18% used [0x000000076ee80000,0x000000076ef9c388,0x000000076f480000)
  to   space 6656K, 0% used [0x000000076e780000,0x000000076e780000,0x000000076ee00000)
 ParOldGen       total 75264K, used 11536K [0x00000006c3000000, 0x00000006c7980000, 0x000000076bb00000)
  object space 75264K, 15% used [0x00000006c3000000,0x00000006c3b440e0,0x00000006c7980000)
 Metaspace       used 25285K, capacity 26206K, committed 26368K, reserved 1073152K
  class space    used 3020K, capacity 3235K, committed 3328K, reserved 1048576K
Event: 288.387 GC heap after
Heap after GC invocations=26 (full 1):
 PSYoungGen      total 46080K, used 996K [0x000000076bb00000, 0x000000076f300000, 0x00000007c0000000)
  eden space 45056K, 0% used [0x000000076bb00000,0x000000076bb00000,0x000000076e700000)
  from space 1024K, 97% used [0x000000076e780000,0x000000076e879388,0x000000076e880000)
  to   space 6144K, 0% used [0x000000076ed00000,0x000000076ed00000,0x000000076f300000)
 ParOldGen       total 75264K, used 11584K [0x00000006c3000000, 0x00000006c7980000, 0x000000076bb00000)
  object space 75264K, 15% used [0x00000006c3000000,0x00000006c3b500e0,0x00000006c7980000)
 Metaspace       used 25285K, capacity 26206K, committed 26368K, reserved 1073152K
  class space    used 3020K, capacity 3235K, committed 3328K, reserved 1048576K
}
Event: 299.099 GC heap before
{Heap before GC invocations=27 (full 1):
 PSYoungGen      total 46080K, used 46052K [0x000000076bb00000, 0x000000076f300000, 0x00000007c0000000)
  eden space 45056K, 100% used [0x000000076bb00000,0x000000076e700000,0x000000076e700000)
  from space 1024K, 97% used [0x000000076e780000,0x000000076e879388,0x000000076e880000)
  to   space 6144K, 0% used [0x000000076ed00000,0x000000076ed00000,0x000000076f300000)
 ParOldGen       total 75264K, used 11584K [0x00000006c3000000, 0x00000006c7980000, 0x000000076bb00000)
  object space 75264K, 15% used [0x00000006c3000000,0x00000006c3b500e0,0x00000006c7980000)
 Metaspace       used 25314K, capacity 26206K, committed 26368K, reserved 1073152K
  class space    used 3022K, capacity 3235K, committed 3328K, reserved 1048576K
Event: 299.100 GC heap after
Heap after GC invocations=27 (full 1):
 PSYoungGen      total 50176K, used 990K [0x000000076bb00000, 0x000000076f280000, 0x00000007c0000000)
  eden space 44544K, 0% used [0x000000076bb00000,0x000000076bb00000,0x000000076e680000)
  from space 5632K, 17% used [0x000000076ed00000,0x000000076edf7b88,0x000000076f280000)
  to   space 6144K, 0% used [0x000000076e680000,0x000000076e680000,0x000000076ec80000)
 ParOldGen       total 75264K, used 11632K [0x00000006c3000000, 0x00000006c7980000, 0x000000076bb00000)
  object space 75264K, 15% used [0x00000006c3000000,0x00000006c3b5c0e0,0x00000006c7980000)
 Metaspace       used 25314K, capacity 26206K, committed 26368K, reserved 1073152K
  class space    used 3022K, capacity 3235K, committed 3328K, reserved 1048576K
}

Deoptimization events (10 events):
Event: 309.736 Thread 0x000001b6285b1800 Uncommon trap: reason=unhandled action=none pc=0x000001b62ad9a498 method=java.lang.Class.getDeclaredMethod(Ljava/lang/String;[Ljava/lang/Class;)Ljava/lang/reflect/Method; @ 64
Event: 309.736 Thread 0x000001b6285b1800 Uncommon trap: reason=unhandled action=none pc=0x000001b62ad9a498 method=java.lang.Class.getDeclaredMethod(Ljava/lang/String;[Ljava/lang/Class;)Ljava/lang/reflect/Method; @ 64
Event: 309.736 Thread 0x000001b6285b1800 Uncommon trap: reason=unhandled action=none pc=0x000001b62ad9a498 method=java.lang.Class.getDeclaredMethod(Ljava/lang/String;[Ljava/lang/Class;)Ljava/lang/reflect/Method; @ 64
Event: 309.736 Thread 0x000001b6285b1800 Uncommon trap: reason=unhandled action=none pc=0x000001b62ad9a498 method=java.lang.Class.getDeclaredMethod(Ljava/lang/String;[Ljava/lang/Class;)Ljava/lang/reflect/Method; @ 64
Event: 309.736 Thread 0x000001b6285b1800 Uncommon trap: reason=unhandled action=none pc=0x000001b62ad9a498 method=java.lang.Class.getDeclaredMethod(Ljava/lang/String;[Ljava/lang/Class;)Ljava/lang/reflect/Method; @ 64
Event: 309.736 Thread 0x000001b6285b1800 Uncommon trap: reason=unhandled action=none pc=0x000001b62ad9a498 method=java.lang.Class.getDeclaredMethod(Ljava/lang/String;[Ljava/lang/Class;)Ljava/lang/reflect/Method; @ 64
Event: 309.736 Thread 0x000001b6285b1800 Uncommon trap: reason=unhandled action=none pc=0x000001b62ad9a498 method=java.lang.Class.getDeclaredMethod(Ljava/lang/String;[Ljava/lang/Class;)Ljava/lang/reflect/Method; @ 64
Event: 309.736 Thread 0x000001b6285b1800 Uncommon trap: reason=unhandled action=none pc=0x000001b62ad9a498 method=java.lang.Class.getDeclaredMethod(Ljava/lang/String;[Ljava/lang/Class;)Ljava/lang/reflect/Method; @ 64
Event: 309.736 Thread 0x000001b6285b1800 Uncommon trap: reason=unhandled action=none pc=0x000001b62ad9a498 method=java.lang.Class.getDeclaredMethod(Ljava/lang/String;[Ljava/lang/Class;)Ljava/lang/reflect/Method; @ 64
Event: 309.736 Thread 0x000001b6285b1800 Uncommon trap: reason=unhandled action=none pc=0x000001b62ad9a498 method=java.lang.Class.getDeclaredMethod(Ljava/lang/String;[Ljava/lang/Class;)Ljava/lang/reflect/Method; @ 64

Classes redefined (3 events):
Event: 1073.185 Thread 0x000001b643237800 redefined class name=com.eisrem.testCases.Business.Module_Organization.Org_End_Dating, count=1
Event: 3621.208 Thread 0x000001b643237800 redefined class name=com.eisrem.testCases.Business.Module_Organization.Org_End_Dating, count=2
Event: 4450.571 Thread 0x000001b643237800 redefined class name=com.eisrem.testCases.Business.Module_Organization.Org_End_Dating, count=3

Internal exceptions (10 events):
Event: 308.658 Thread 0x000001b6285b1800 Exception <a 'java/net/SocketTimeoutException': Read timed out> (0x000000076d8a27d8) thrown at [C:\jenkins\workspace\8-2-build-windows-amd64-cygwin\jdk8u261\295\hotspot\src\share\vm\prims\jni.cpp, line 737]
Event: 308.670 Thread 0x000001b6285b1800 Exception <a 'java/net/SocketTimeoutException': Read timed out> (0x000000076dcc95f0) thrown at [C:\jenkins\workspace\8-2-build-windows-amd64-cygwin\jdk8u261\295\hotspot\src\share\vm\prims\jni.cpp, line 737]
Event: 308.680 Thread 0x000001b6285b1800 Exception <a 'java/net/SocketTimeoutException': Read timed out> (0x000000076dce7860) thrown at [C:\jenkins\workspace\8-2-build-windows-amd64-cygwin\jdk8u261\295\hotspot\src\share\vm\prims\jni.cpp, line 737]
Event: 308.690 Thread 0x000001b6285b1800 Exception <a 'java/net/SocketTimeoutException': Read timed out> (0x000000076e11c050) thrown at [C:\jenkins\workspace\8-2-build-windows-amd64-cygwin\jdk8u261\295\hotspot\src\share\vm\prims\jni.cpp, line 737]
Event: 308.699 Thread 0x000001b6285b1800 Exception <a 'java/net/SocketTimeoutException': Read timed out> (0x000000076e12f290) thrown at [C:\jenkins\workspace\8-2-build-windows-amd64-cygwin\jdk8u261\295\hotspot\src\share\vm\prims\jni.cpp, line 737]
Event: 308.706 Thread 0x000001b6285b1800 Exception <a 'java/net/SocketTimeoutException': Read timed out> (0x000000076e14d668) thrown at [C:\jenkins\workspace\8-2-build-windows-amd64-cygwin\jdk8u261\295\hotspot\src\share\vm\prims\jni.cpp, line 737]
Event: 309.712 Thread 0x000001b6285b1800 Exception <a 'java/net/SocketTimeoutException': Read timed out> (0x000000076e1606e0) thrown at [C:\jenkins\workspace\8-2-build-windows-amd64-cygwin\jdk8u261\295\hotspot\src\share\vm\prims\jni.cpp, line 737]
Event: 309.720 Thread 0x000001b6285b1800 Exception <a 'java/net/SocketTimeoutException': Read timed out> (0x000000076e17eb40) thrown at [C:\jenkins\workspace\8-2-build-windows-amd64-cygwin\jdk8u261\295\hotspot\src\share\vm\prims\jni.cpp, line 737]
Event: 309.726 Thread 0x000001b6285b1800 Exception <a 'java/net/SocketTimeoutException': Read timed out> (0x000000076e190c98) thrown at [C:\jenkins\workspace\8-2-build-windows-amd64-cygwin\jdk8u261\295\hotspot\src\share\vm\prims\jni.cpp, line 737]
Event: 309.738 Thread 0x000001b6285b1800 Exception <a 'java/net/SocketTimeoutException': Read timed out> (0x000000076e1a8db8) thrown at [C:\jenkins\workspace\8-2-build-windows-amd64-cygwin\jdk8u261\295\hotspot\src\share\vm\prims\jni.cpp, line 737]

Events (10 events):
Event: 4946.329 Executing VM operation: GetOrSetLocal done
Event: 4946.330 Executing VM operation: GetOrSetLocal
Event: 4946.330 Executing VM operation: GetOrSetLocal done
Event: 4946.650 Executing VM operation: GetOrSetLocal
Event: 4946.651 Executing VM operation: GetOrSetLocal done
Event: 4946.654 Executing VM operation: GetOrSetLocal
Event: 4946.655 Executing VM operation: GetOrSetLocal done
Event: 4946.657 Executing VM operation: GetOrSetLocal
Event: 4946.657 Executing VM operation: GetOrSetLocal done
Event: 4946.679 Executing VM operation: GetOrSetLocal


Dynamic libraries:
0x00007ff7d5580000 - 0x00007ff7d55c7000 	C:\Program Files\Java\jdk1.8.0_261\bin\javaw.exe
0x00007ffe0ed00000 - 0x00007ffe0eef0000 	C:\WINDOWS\SYSTEM32\ntdll.dll
0x00007ffe0e850000 - 0x00007ffe0e903000 	C:\WINDOWS\System32\KERNEL32.DLL
0x00007ffe0c640000 - 0x00007ffe0c8e6000 	C:\WINDOWS\System32\KERNELBASE.dll
0x00007ffe0e540000 - 0x00007ffe0e5e3000 	C:\WINDOWS\System32\ADVAPI32.dll
0x00007ffe0e7b0000 - 0x00007ffe0e84e000 	C:\WINDOWS\System32\msvcrt.dll
0x00007ffe0e980000 - 0x00007ffe0ea17000 	C:\WINDOWS\System32\sechost.dll
0x00007ffe0e270000 - 0x00007ffe0e38f000 	C:\WINDOWS\System32\RPCRT4.dll
0x00007ffe0dea0000 - 0x00007ffe0e034000 	C:\WINDOWS\System32\USER32.dll
0x00007ffe0c8f0000 - 0x00007ffe0c911000 	C:\WINDOWS\System32\win32u.dll
0x00007ffe0ec60000 - 0x00007ffe0ec86000 	C:\WINDOWS\System32\GDI32.dll
0x00007ffe0cb80000 - 0x00007ffe0cd18000 	C:\WINDOWS\System32\gdi32full.dll
0x00007ffe0bc70000 - 0x00007ffe0bd0e000 	C:\WINDOWS\System32\msvcp_win.dll
0x00007ffe0c490000 - 0x00007ffe0c58a000 	C:\WINDOWS\System32\ucrtbase.dll
0x00007ffe0a2b0000 - 0x00007ffe0a534000 	C:\WINDOWS\WinSxS\amd64_microsoft.windows.common-controls_6595b64144ccf1df_6.0.18362.1854_none_9e7e6453e45e0f86\COMCTL32.dll
0x00007ffe0ce90000 - 0x00007ffe0d1c6000 	C:\WINDOWS\System32\combase.dll
0x00007ffe0c5b0000 - 0x00007ffe0c634000 	C:\WINDOWS\System32\bcryptPrimitives.dll
0x00007ffe0ec90000 - 0x00007ffe0ecbe000 	C:\WINDOWS\System32\IMM32.DLL
0x00007ffde2740000 - 0x00007ffde27e4000 	C:\Program Files\McAfee\Endpoint Security\Threat Prevention\Ips\EpMPApi.dll
0x00007ffe0c9d0000 - 0x00007ffe0ca2c000 	C:\WINDOWS\System32\WINTRUST.dll
0x00007ffe0bc50000 - 0x00007ffe0bc62000 	C:\WINDOWS\System32\MSASN1.dll
0x00007ffe0ca30000 - 0x00007ffe0cb7a000 	C:\WINDOWS\System32\CRYPT32.dll
0x0000000063060000 - 0x000000006306c000 	C:\Program Files\McAfee\Endpoint Security\Threat Prevention\Ips\EpMPThe.dll
0x00007ffdeab20000 - 0x00007ffdeab35000 	C:\Program Files\Java\jdk1.8.0_261\jre\bin\vcruntime140.dll
0x00007ffdeaa80000 - 0x00007ffdeab1b000 	C:\Program Files\Java\jdk1.8.0_261\jre\bin\msvcp140.dll
0x00000000638e0000 - 0x000000006414c000 	C:\Program Files\Java\jdk1.8.0_261\jre\bin\server\jvm.dll
0x00007ffe0e040000 - 0x00007ffe0e048000 	C:\WINDOWS\System32\PSAPI.DLL
0x00007ffdff060000 - 0x00007ffdff084000 	C:\WINDOWS\SYSTEM32\WINMM.dll
0x00007ffe03e80000 - 0x00007ffe03e8a000 	C:\WINDOWS\SYSTEM32\VERSION.dll
0x00007ffe04ad0000 - 0x00007ffe04ad9000 	C:\WINDOWS\SYSTEM32\WSOCK32.dll
0x000001b6286f0000 - 0x000001b62875f000 	C:\WINDOWS\System32\ws2_32.DLL
0x00007ffdff030000 - 0x00007ffdff05d000 	C:\WINDOWS\SYSTEM32\WINMMBASE.dll
0x00007ffe0cd20000 - 0x00007ffe0cd6a000 	C:\WINDOWS\System32\cfgmgr32.dll
0x00007ffe0bbc0000 - 0x00007ffe0bbd1000 	C:\WINDOWS\System32\kernel.appcore.dll
0x00007ffdeaa20000 - 0x00007ffdeaa30000 	C:\Program Files\Java\jdk1.8.0_261\jre\bin\verify.dll
0x00007ffdea9f0000 - 0x00007ffdeaa1b000 	C:\Program Files\Java\jdk1.8.0_261\jre\bin\java.dll
0x00007ffde0730000 - 0x00007ffde0766000 	C:\Program Files\Java\jdk1.8.0_261\jre\bin\jdwp.dll
0x00007ffdf79a0000 - 0x00007ffdf79a9000 	C:\Program Files\Java\jdk1.8.0_261\jre\bin\npt.dll
0x00007ffdea8e0000 - 0x00007ffdea8f8000 	C:\Program Files\Java\jdk1.8.0_261\jre\bin\zip.dll
0x00007ffe0d650000 - 0x00007ffe0dd37000 	C:\WINDOWS\System32\SHELL32.dll
0x00007ffe0ddf0000 - 0x00007ffe0de99000 	C:\WINDOWS\System32\shcore.dll
0x00007ffe0bd10000 - 0x00007ffe0c48b000 	C:\WINDOWS\System32\windows.storage.dll
0x00007ffe0bbe0000 - 0x00007ffe0bbfe000 	C:\WINDOWS\System32\profapi.dll
0x00007ffe0bc00000 - 0x00007ffe0bc4a000 	C:\WINDOWS\System32\powrprof.dll
0x00007ffe0bbb0000 - 0x00007ffe0bbc0000 	C:\WINDOWS\System32\UMPDC.dll
0x00007ffe0e5f0000 - 0x00007ffe0e642000 	C:\WINDOWS\System32\shlwapi.dll
0x00007ffe0c590000 - 0x00007ffe0c5a7000 	C:\WINDOWS\System32\cryptsp.dll
0x00007ffdf7470000 - 0x00007ffdf747a000 	C:\Program Files\Java\jdk1.8.0_261\jre\bin\dt_socket.dll
0x00007ffde9770000 - 0x00007ffde9786000 	C:\WINDOWS\system32\napinsp.dll
0x00007ffde9750000 - 0x00007ffde976a000 	C:\WINDOWS\system32\pnrpnsp.dll
0x00007ffe0b390000 - 0x00007ffe0b3f7000 	C:\WINDOWS\System32\mswsock.dll
0x00007ffe0b0f0000 - 0x00007ffe0b1ba000 	C:\WINDOWS\SYSTEM32\DNSAPI.dll
0x00007ffe0e050000 - 0x00007ffe0e058000 	C:\WINDOWS\System32\NSI.dll
0x00007ffe0b0a0000 - 0x00007ffe0b0da000 	C:\WINDOWS\SYSTEM32\IPHLPAPI.DLL
0x00007ffde9740000 - 0x00007ffde974e000 	C:\WINDOWS\System32\winrnr.dll
0x00007ffe015c0000 - 0x00007ffe015dc000 	C:\WINDOWS\system32\NLAapi.dll
0x00007ffe07a80000 - 0x00007ffe07a95000 	C:\WINDOWS\system32\wshbth.dll
0x00007ffe06330000 - 0x00007ffe063a7000 	C:\WINDOWS\System32\fwpuclnt.dll
0x00007ffe0cd70000 - 0x00007ffe0cd96000 	C:\WINDOWS\System32\bcrypt.dll
0x00007ffe04b30000 - 0x00007ffe04b3a000 	C:\Windows\System32\rasadhlp.dll
0x00007ffde91a0000 - 0x00007ffde91bc000 	C:\Program Files\Java\jdk1.8.0_261\jre\bin\net.dll
0x00007ffe0aca0000 - 0x00007ffe0acd3000 	C:\WINDOWS\system32\rsaenh.dll
0x00007ffe0bad0000 - 0x00007ffe0baf5000 	C:\WINDOWS\SYSTEM32\USERENV.dll
0x00007ffe0b560000 - 0x00007ffe0b56c000 	C:\WINDOWS\SYSTEM32\CRYPTBASE.dll
0x00007ffe05ee0000 - 0x00007ffe05ef6000 	C:\WINDOWS\SYSTEM32\dhcpcsvc6.DLL
0x00007ffe059d0000 - 0x00007ffe059ec000 	C:\WINDOWS\SYSTEM32\dhcpcsvc.DLL
0x00007ffde9050000 - 0x00007ffde9063000 	C:\Program Files\Java\jdk1.8.0_261\jre\bin\nio.dll
0x00007ffde7cf0000 - 0x00007ffde7d14000 	C:\Program Files\Java\jdk1.8.0_261\jre\bin\sunec.dll
0x00007ffde7ce0000 - 0x00007ffde7ced000 	C:\Program Files\Java\jdk1.8.0_261\jre\bin\sunmscapi.dll
0x00007ffe0b6c0000 - 0x00007ffe0b6e6000 	C:\WINDOWS\SYSTEM32\ncrypt.dll
0x00007ffe0b680000 - 0x00007ffe0b6bb000 	C:\WINDOWS\SYSTEM32\NTASN1.dll
0x00007ffe09ab0000 - 0x00007ffe09ca4000 	C:\WINDOWS\SYSTEM32\dbghelp.dll

VM Arguments:
jvm_args: -agentlib:jdwp=transport=dt_socket,suspend=y,address=localhost:53153 -ea -Dfile.encoding=Cp1252 
java_command: org.testng.remote.RemoteTestNG -serport 53150 -protocol json -d C:\Users\Miah.Arif\eclipse-workspace4\EISREM_Selenium\test-output C:\Users\MIAH~1.ARI\AppData\Local\Temp\testng-eclipse--1514497685\testng-customsuite.xml
java_class_path (initial): C:\Users\Miah.Arif\eclipse\java-2020-092\eclipse\configuration\org.eclipse.osgi\474\0\.cp\lib\testng-remote.jar;C:\Users\Miah.Arif\eclipse-workspace4\EISREM_Selenium\target\test-classes;C:\Users\Miah.Arif\eclipse-workspace4\EISREM_Selenium\mybatis-3.5.7.jar;C:\Users\Miah.Arif\.m2\repository\org\seleniumhq\selenium\selenium-java\3.141.59\selenium-java-3.141.59.jar;C:\Users\Miah.Arif\.m2\repository\org\seleniumhq\selenium\selenium-api\3.141.59\selenium-api-3.141.59.jar;C:\Users\Miah.Arif\.m2\repository\org\seleniumhq\selenium\selenium-chrome-driver\3.141.59\selenium-chrome-driver-3.141.59.jar;C:\Users\Miah.Arif\.m2\repository\org\seleniumhq\selenium\selenium-edge-driver\3.141.59\selenium-edge-driver-3.141.59.jar;C:\Users\Miah.Arif\.m2\repository\org\seleniumhq\selenium\selenium-firefox-driver\3.141.59\selenium-firefox-driver-3.141.59.jar;C:\Users\Miah.Arif\.m2\repository\org\seleniumhq\selenium\selenium-ie-driver\3.141.59\selenium-ie-driver-3.141.59.jar;C:\Users\Miah.Arif\.m2\repository\org\seleniumhq\selenium\selenium-opera-driver\3.141.59\selenium-opera-driver-3.141.59.jar;C:\Users\Miah.Arif\.m2\repository\org\seleniumhq\selenium\selenium-remote-driver\3.141.59\selenium-remote-driver-3.141.59.jar;C:\Users\Miah.Arif\.m2\repository\org\seleniumhq\selenium\selenium-safari-driver\3.141.59\selenium-safari-driver-3.141.59.jar;C:\Users\Miah.Arif\.m2\repository\org\seleniumhq\selenium\selenium-support\3.141.59\selenium-support-3.141.59.jar;C:\Users\Miah.Arif\.m2\repository\net\bytebuddy\byte-buddy\1.8.15\byte-buddy-1.8.15.jar;C:\Users\Miah.Arif\.m2\repository\org\apache\commons\commons-exec\1.3\commons-exec-1.3.jar;C:\Users\Miah.Arif\.m2\repository\com\google\guava\guava\25.0-jre\guava-25.0-jre.jar;C:\Users\Miah.Arif\.m2\repository\com\google\code\findbugs\jsr305\1.3.9\jsr305-1.3.9.jar;C:\Users\Miah.Arif\.m2\repository\org\checkerframework\checker-compat-qual\2.0.0\checker-compat-qual-2.0.0.jar;C:\Users\Miah.Arif\.m2\repository\com\google\errorp
Launcher Type: SUN_STANDARD

Environment Variables:
JAVA_HOME=C:\Program Files\Java\jdk1.8.0_261
PATH=C:\Program Files\Java\jdk1.8.0_261\jre\bin;C:/Users/Miah.Arif/.p2/pool/plugins/org.eclipse.justj.openjdk.hotspot.jre.full.win32.x86_64_14.0.2.v20200815-0932/jre/bin/server;C:/Users/Miah.Arif/.p2/pool/plugins/org.eclipse.justj.openjdk.hotspot.jre.full.win32.x86_64_14.0.2.v20200815-0932/jre/bin;C:\Program Files (x86)\Common Files\Oracle\Java\javapath;C:\Program Files (x86)\RSA SecurID Token Common;C:\WINDOWS\system32;C:\WINDOWS;C:\WINDOWS\System32\Wbem;C:\WINDOWS\System32\WindowsPowerShell\v1.0\;C:\WINDOWS\System32\OpenSSH\;C:\Program Files\Java\jdk1.8.0_261\bin;C:\Program Files\apache-maven-3.6.3\bin;Drivers;C:\Program Files (x86)\Pulse Secure\VC142.CRT\X64\;C:\Program Files (x86)\Pulse Secure\VC142.CRT\X86\;C:\Program Files\TortoiseSVN\bin;C:\Program Files\Git\cmd;C:\Users\Miah.Arif\AppData\Local\Microsoft\WindowsApps;;C:\Users\Miah.Arif\OneDrive - State of Maine\Desktop;
USERNAME=Miah.Arif
OS=Windows_NT
PROCESSOR_IDENTIFIER=Intel64 Family 6 Model 142 Stepping 12, GenuineIntel



---------------  S Y S T E M  ---------------

OS: Windows 10.0 , 64 bit Build 18362 (10.0.18362.1766)

CPU:total 8 (initial active 8) (4 cores per cpu, 2 threads per core) family 6 model 142 stepping 12, cmov, cx8, fxsr, mmx, sse, sse2, sse3, ssse3, sse4.1, sse4.2, popcnt, avx, avx2, aes, clmul, erms, 3dnowpref, lzcnt, ht, tsc, tscinvbit, bmi1, bmi2, adx

Memory: 4k page, physical 16578856k(5461768k free), swap 24973744k(4211612k free)

vm_info: Java HotSpot(TM) 64-Bit Server VM (25.261-b12) for windows-amd64 JRE (1.8.0_261-b12), built on Jun 18 2020 06:56:32 by "" with unknown MS VC++:1916

time: Wed Dec  1 11:25:39 2021
timezone: Eastern Standard Time
elapsed time: 4946 seconds (0d 1h 22m 26s)

