#
# A fatal error has been detected by the Java Runtime Environment:
#
#  EXCEPTION_PRIV_INSTRUCTION (0xc0000096) at pc=0x0000000054c5c9b0, pid=34264, tid=0x00000000000073c8
#
# JRE version: Java(TM) SE Runtime Environment (8.0_261-b12) (build 1.8.0_261-b12)
# Java VM: Java HotSpot(TM) 64-Bit Server VM (25.261-b12 mixed mode windows-amd64 compressed oops)
# Problematic frame:
# V  [jvm.dll+0x4bc9b0]
#
# Failed to write core dump. Minidumps are not enabled by default on client versions of Windows
#
# If you would like to submit a bug report, please visit:
#   http://bugreport.java.com/bugreport/crash.jsp
#

---------------  T H R E A D  ---------------

Current thread (0x00000220fa015800):  JavaThread "C2 CompilerThread0" daemon [_thread_in_native, id=29640, stack(0x000000490ad00000,0x000000490ae00000)]

siginfo: ExceptionCode=0xc0000096

Registers:
RAX=0x00000220fbe8f128, RBX=0x00000220fbe8d0c8, RCX=0x000000490adfac30, RDX=0x00000220fbe8f128
RSP=0x000000490adfaa48, RBP=0x00000220fbe8a928, RSI=0x00000220fbe8cac8, RDI=0x00000220fbebdca0
R8 =0x0000000000000002, R9 =0x0000000000000030, R10=0x00000220fbe8f288, R11=0x00000220fbe59680
R12=0x0000000000000001, R13=0x00000220fbe8f128, R14=0x000000490adfac30, R15=0x00000220fbe8cb38
RIP=0x0000000054c5c9b0, EFLAGS=0x0000000000010206

Top of Stack: (sp=0x000000490adfaa48)
0x000000490adfaa48:   0000000054c5c7da 00000220fbe8d0c8
0x000000490adfaa58:   00000220fbe8a928 00000220fbe8cac8
0x000000490adfaa68:   00000220fbebdca0 0000000054de63a8
0x000000490adfaa78:   00000220fbe8d0c8 00000220fbebdca0
0x000000490adfaa88:   00000220fbebe2d8 0000022000000001
0x000000490adfaa98:   0000000054c58d7e 000000490adfd820
0x000000490adfaaa8:   0000000000000000 00000220f9fb5650
0x000000490adfaab8:   00000220fbe8a9f8 00000220fa068ea8
0x000000490adfaac8:   000000490adfac30 000000490adfd820
0x000000490adfaad8:   0000000054c5c2bf 00000220fbebdca0
0x000000490adfaae8:   00000220fbe8a9f8 00000220fbebe2d8
0x000000490adfaaf8:   0000000054ddd4e8 000000490adfd820
0x000000490adfab08:   0000000054c8ab46 0000000054ddd4e8
0x000000490adfab18:   00000220fa067a98 00000220fa068ea8
0x000000490adfab28:   000000490adfac40 000000490adfd820
0x000000490adfab38:   0000000054bf19fd 000000490adfd820 

Instructions: (pc=0x0000000054c5c9b0)
0x0000000054c5c990:   32 23 d7 26 5d 8d 1a bd a0 26 1a bf d1 b3 6e 8b
0x0000000054c5c9a0:   54 76 ad 24 b6 ed 57 cc 16 5f 44 ec a5 d1 32 45
0x0000000054c5c9b0:   6f df 88 ed ba 86 7a f2 1e 28 9f fe cb d6 be 22
0x0000000054c5c9c0:   bf 8b 2c fd 17 ab cf f2 98 16 fd 8b e5 60 2c 2b 


Register to memory mapping:

RAX=0x00000220fbe8f128 is an unknown value
RBX=0x00000220fbe8d0c8 is an unknown value
RCX=0x000000490adfac30 is pointing into the stack for thread: 0x00000220fa015800
RDX=0x00000220fbe8f128 is an unknown value
RSP=0x000000490adfaa48 is pointing into the stack for thread: 0x00000220fa015800
RBP=0x00000220fbe8a928 is an unknown value
RSI=0x00000220fbe8cac8 is an unknown value
RDI=0x00000220fbebdca0 is an unknown value
R8 =0x0000000000000002 is an unknown value
R9 =0x0000000000000030 is an unknown value
R10=0x00000220fbe8f288 is an unknown value
R11=0x00000220fbe59680 is an unknown value
R12=0x0000000000000001 is an unknown value
R13=0x00000220fbe8f128 is an unknown value
R14=0x000000490adfac30 is pointing into the stack for thread: 0x00000220fa015800
R15=0x00000220fbe8cb38 is an unknown value


Stack: [0x000000490ad00000,0x000000490ae00000],  sp=0x000000490adfaa48,  free space=1002k
Native frames: (J=compiled Java code, j=interpreted, Vv=VM code, C=native code)
V  [jvm.dll+0x4bc9b0]
V  [jvm.dll+0x4bc7da]
V  [jvm.dll+0x4bc2bf]
V  [jvm.dll+0x4519fd]
V  [jvm.dll+0x44eb84]
V  [jvm.dll+0x439bc7]
V  [jvm.dll+0xbbbcb]
V  [jvm.dll+0xba22b]
V  [jvm.dll+0x24d962]
V  [jvm.dll+0x2a1cfc]
C  [ucrtbase.dll+0x210b2]
C  [KERNEL32.DLL+0x17c24]
C  [ntdll.dll+0x6d721]


Current CompileTask:
C2:    846   51  s    4       java.lang.StringBuffer::append (13 bytes)


---------------  P R O C E S S  ---------------

Java Threads: ( => current thread )
  0x00000220fbe50800 JavaThread "Service Thread" daemon [_thread_blocked, id=25012, stack(0x000000490b100000,0x000000490b200000)]
  0x00000220fa036800 JavaThread "C1 CompilerThread3" daemon [_thread_blocked, id=37392, stack(0x000000490b000000,0x000000490b100000)]
  0x00000220fa020800 JavaThread "C2 CompilerThread2" daemon [_thread_blocked, id=7228, stack(0x000000490af00000,0x000000490b000000)]
  0x00000220fa01a800 JavaThread "C2 CompilerThread1" daemon [_thread_blocked, id=23704, stack(0x000000490ae00000,0x000000490af00000)]
=>0x00000220fa015800 JavaThread "C2 CompilerThread0" daemon [_thread_in_native, id=29640, stack(0x000000490ad00000,0x000000490ae00000)]
  0x00000220fa014000 JavaThread "Attach Listener" daemon [_thread_blocked, id=34240, stack(0x000000490ac00000,0x000000490ad00000)]
  0x00000220fa013000 JavaThread "Signal Dispatcher" daemon [_thread_blocked, id=11968, stack(0x000000490ab00000,0x000000490ac00000)]
  0x00000220f9fec800 JavaThread "Finalizer" daemon [_thread_blocked, id=19356, stack(0x000000490aa00000,0x000000490ab00000)]
  0x00000220f9fde000 JavaThread "Reference Handler" daemon [_thread_blocked, id=16472, stack(0x000000490a900000,0x000000490aa00000)]
  0x00000220e71df000 JavaThread "main" [_thread_in_native, id=20036, stack(0x0000004909f00000,0x000000490a000000)]

Other Threads:
  0x00000220f9fb6000 VMThread [stack: 0x000000490a800000,0x000000490a900000] [id=32076]
  0x00000220fbec2000 WatcherThread [stack: 0x000000490b200000,0x000000490b300000] [id=28324]

VM state:not at safepoint (normal execution)

VM Mutex/Monitor currently owned by a thread: None

heap address: 0x00000006c3000000, size: 4048 MB, Compressed Oops mode: Zero based, Oop shift amount: 3
Narrow klass base: 0x0000000000000000, Narrow klass shift: 3
Compressed class space size: 1073741824 Address: 0x00000007c0000000

Heap:
 PSYoungGen      total 75776K, used 3901K [0x000000076bb00000, 0x0000000770f80000, 0x00000007c0000000)
  eden space 65024K, 6% used [0x000000076bb00000,0x000000076becf5e0,0x000000076fa80000)
  from space 10752K, 0% used [0x0000000770500000,0x0000000770500000,0x0000000770f80000)
  to   space 10752K, 0% used [0x000000076fa80000,0x000000076fa80000,0x0000000770500000)
 ParOldGen       total 173568K, used 0K [0x00000006c3000000, 0x00000006cd980000, 0x000000076bb00000)
  object space 173568K, 0% used [0x00000006c3000000,0x00000006c3000000,0x00000006cd980000)
 Metaspace       used 3084K, capacity 4652K, committed 4864K, reserved 1056768K
  class space    used 322K, capacity 424K, committed 512K, reserved 1048576K

Card table byte_map: [0x00000220f8000000,0x00000220f87f0000] byte_map_base: 0x00000220f49e8000

Marking Bits: (ParMarkBitMap*) 0x0000000054f94fb0
 Begin Bits: [0x0000022080000000, 0x0000022083f40000)
 End Bits:   [0x0000022083f40000, 0x0000022087e80000)

Polling page: 0x00000220e8c10000

CodeCache: size=245760Kb used=1290Kb max_used=1290Kb free=244469Kb
 bounds [0x00000220e8c40000, 0x00000220e8eb0000, 0x00000220f7c40000]
 total_blobs=350 nmethods=112 adapters=151
 compilation: enabled

Compilation events (10 events):
Event: 0.745 Thread 0x00000220fa015800 nmethod 46 0x00000220e8d63090 code [0x00000220e8d631c0, 0x00000220e8d63238]
Event: 0.747 Thread 0x00000220fa036800   47       3       java.io.WinNTFileSystem::isLetter (30 bytes)
Event: 0.747 Thread 0x00000220fa036800 nmethod 47 0x00000220e8d62c50 code [0x00000220e8d62dc0, 0x00000220e8d63018]
Event: 0.750 Thread 0x00000220fa036800   50       3       java.util.HashMap::hash (20 bytes)
Event: 0.750 Thread 0x00000220fa015800   51  s    4       java.lang.StringBuffer::append (13 bytes)
Event: 0.750 Thread 0x00000220fa036800 nmethod 50 0x00000220e8d627d0 code [0x00000220e8d62940, 0x00000220e8d62b90]
Event: 0.750 Thread 0x00000220fa036800   48       3       java.lang.AbstractStringBuilder::<init> (12 bytes)
Event: 0.751 Thread 0x00000220fa036800 nmethod 48 0x00000220e8d62350 code [0x00000220e8d624c0, 0x00000220e8d62718]
Event: 0.751 Thread 0x00000220fa036800   49       1       java.net.URL::getProtocol (5 bytes)
Event: 0.751 Thread 0x00000220fa036800 nmethod 49 0x00000220e8d62090 code [0x00000220e8d621e0, 0x00000220e8d622f8]

GC Heap History (0 events):
No events

Deoptimization events (1 events):
Event: 0.712 Thread 0x00000220e71df000 Uncommon trap: reason=unstable_if action=reinterpret pc=0x00000220e8d516b4 method=java.lang.String.hashCode()I @ 14

Classes redefined (0 events):
No events

Internal exceptions (2 events):
Event: 0.085 Thread 0x00000220e71df000 Exception <a 'java/lang/NoSuchMethodError': Method sun.misc.Unsafe.defineClass(Ljava/lang/String;[BII)Ljava/lang/Class; name or signature does not match> (0x000000076bb07cc0) thrown at [C:\jenkins\workspace\8-2-build-windows-amd64-cygwin\jdk8u261\295\hots
Event: 0.085 Thread 0x00000220e71df000 Exception <a 'java/lang/NoSuchMethodError': Method sun.misc.Unsafe.prefetchRead(Ljava/lang/Object;J)V name or signature does not match> (0x000000076bb07fa8) thrown at [C:\jenkins\workspace\8-2-build-windows-amd64-cygwin\jdk8u261\295\hotspot\src\share\vm\p

Events (10 events):
Event: 0.714 loading class java/security/BasicPermissionCollection
Event: 0.715 loading class java/security/BasicPermissionCollection done
Event: 0.716 loading class sun/launcher/LauncherHelper$FXHelper
Event: 0.716 loading class sun/launcher/LauncherHelper$FXHelper done
Event: 0.716 loading class java/lang/Class$MethodArray
Event: 0.716 loading class java/lang/Class$MethodArray done
Event: 0.716 loading class org/testng/TestNGException
Event: 0.716 loading class org/testng/TestNGException done
Event: 0.716 loading class sun/misc/URLClassPath$FileLoader
Event: 0.716 loading class sun/misc/URLClassPath$FileLoader done


Dynamic libraries:
0x00007ff735f60000 - 0x00007ff735fa7000 	C:\Program Files\Java\jdk1.8.0_261\bin\javaw.exe
0x00007ffa098c0000 - 0x00007ffa09ab0000 	C:\WINDOWS\SYSTEM32\ntdll.dll
0x00007ffa08c20000 - 0x00007ffa08cd2000 	C:\WINDOWS\System32\KERNEL32.DLL
0x00007ffa07310000 - 0x00007ffa075b6000 	C:\WINDOWS\System32\KERNELBASE.dll
0x00007ffa08900000 - 0x00007ffa089a3000 	C:\WINDOWS\System32\ADVAPI32.dll
0x00007ffa09040000 - 0x00007ffa090de000 	C:\WINDOWS\System32\msvcrt.dll
0x00007ffa08fa0000 - 0x00007ffa09037000 	C:\WINDOWS\System32\sechost.dll
0x00007ffa09760000 - 0x00007ffa0987f000 	C:\WINDOWS\System32\RPCRT4.dll
0x00007ffa089b0000 - 0x00007ffa08b44000 	C:\WINDOWS\System32\USER32.dll
0x00007ffa06a80000 - 0x00007ffa06aa1000 	C:\WINDOWS\System32\win32u.dll
0x00007ffa091d0000 - 0x00007ffa091f6000 	C:\WINDOWS\System32\GDI32.dll
0x00007ffa077c0000 - 0x00007ffa07958000 	C:\WINDOWS\System32\gdi32full.dll
0x00007ffa075c0000 - 0x00007ffa0765e000 	C:\WINDOWS\System32\msvcp_win.dll
0x00007ffa06980000 - 0x00007ffa06a7a000 	C:\WINDOWS\System32\ucrtbase.dll
0x00007ffa04e70000 - 0x00007ffa050f4000 	C:\WINDOWS\WinSxS\amd64_microsoft.windows.common-controls_6595b64144ccf1df_6.0.18362.1734_none_9e7c63e3e45fdc87\COMCTL32.dll
0x00007ffa093c0000 - 0x00007ffa096f6000 	C:\WINDOWS\System32\combase.dll
0x00007ffa06820000 - 0x00007ffa068a4000 	C:\WINDOWS\System32\bcryptPrimitives.dll
0x00007ffa08850000 - 0x00007ffa0887e000 	C:\WINDOWS\System32\IMM32.DLL
0x00007ff9f3fa0000 - 0x00007ff9f4044000 	C:\Program Files\McAfee\Endpoint Security\Threat Prevention\Ips\EpMPApi.dll
0x00007ffa06ab0000 - 0x00007ffa06b0c000 	C:\WINDOWS\System32\WINTRUST.dll
0x00007ffa06800000 - 0x00007ffa06812000 	C:\WINDOWS\System32\MSASN1.dll
0x00007ffa07660000 - 0x00007ffa077b1000 	C:\WINDOWS\System32\CRYPT32.dll
0x0000000053a80000 - 0x0000000053a8c000 	C:\Program Files\McAfee\Endpoint Security\Threat Prevention\Ips\EpMPThe.dll
0x00007ff9e0ed0000 - 0x00007ff9e0ee5000 	C:\Program Files\Java\jdk1.8.0_261\jre\bin\vcruntime140.dll
0x00007ff9e0e30000 - 0x00007ff9e0ecb000 	C:\Program Files\Java\jdk1.8.0_261\jre\bin\msvcp140.dll
0x00000000547a0000 - 0x000000005500c000 	C:\Program Files\Java\jdk1.8.0_261\jre\bin\server\jvm.dll
0x00007ffa09200000 - 0x00007ffa09208000 	C:\WINDOWS\System32\PSAPI.DLL
0x00007ffa02050000 - 0x00007ffa02074000 	C:\WINDOWS\SYSTEM32\WINMM.dll
0x00007ff9fe120000 - 0x00007ff9fe129000 	C:\WINDOWS\SYSTEM32\WSOCK32.dll
0x00007ff9fcaa0000 - 0x00007ff9fcaaa000 	C:\WINDOWS\SYSTEM32\VERSION.dll
0x00007ffa08f30000 - 0x00007ffa08f9f000 	C:\WINDOWS\System32\WS2_32.dll
0x00007ffa02020000 - 0x00007ffa0204d000 	C:\WINDOWS\SYSTEM32\WINMMBASE.dll
0x00007ffa06b10000 - 0x00007ffa06b5a000 	C:\WINDOWS\System32\cfgmgr32.dll
0x00007ffa06770000 - 0x00007ffa06781000 	C:\WINDOWS\System32\kernel.appcore.dll
0x00007ff9df370000 - 0x00007ff9df380000 	C:\Program Files\Java\jdk1.8.0_261\jre\bin\verify.dll
0x00007ff9df340000 - 0x00007ff9df36b000 	C:\Program Files\Java\jdk1.8.0_261\jre\bin\java.dll
0x00007ff9df320000 - 0x00007ff9df338000 	C:\Program Files\Java\jdk1.8.0_261\jre\bin\zip.dll
0x00007ffa08020000 - 0x00007ffa08707000 	C:\WINDOWS\System32\SHELL32.dll
0x00007ffa07de0000 - 0x00007ffa07e89000 	C:\WINDOWS\System32\shcore.dll
0x00007ffa06b90000 - 0x00007ffa0730b000 	C:\WINDOWS\System32\windows.storage.dll
0x00007ffa067e0000 - 0x00007ffa067fe000 	C:\WINDOWS\System32\profapi.dll
0x00007ffa06790000 - 0x00007ffa067da000 	C:\WINDOWS\System32\powrprof.dll
0x00007ffa06760000 - 0x00007ffa06770000 	C:\WINDOWS\System32\UMPDC.dll
0x00007ffa07e90000 - 0x00007ffa07ee2000 	C:\WINDOWS\System32\shlwapi.dll
0x00007ffa068b0000 - 0x00007ffa068c7000 	C:\WINDOWS\System32\cryptsp.dll
0x00007ffa04670000 - 0x00007ffa04864000 	C:\WINDOWS\SYSTEM32\dbghelp.dll

VM Arguments:
jvm_args: -ea -Dfile.encoding=Cp1252 
java_command: org.testng.remote.RemoteTestNG -serport 50596 -protocol json -d C:\Users\Miah.Arif\eclipse-workspace4\EISREM_Selenium\test-output C:\Users\MIAH~1.ARI\AppData\Local\Temp\testng-eclipse-501757787\testng-customsuite.xml
java_class_path (initial): C:\Users\Miah.Arif\eclipse\java-2020-092\eclipse\configuration\org.eclipse.osgi\474\0\.cp\lib\testng-remote.jar;C:\Users\Miah.Arif\eclipse-workspace4\EISREM_Selenium\target\test-classes;C:\Users\Miah.Arif\eclipse-workspace4\EISREM_Selenium\mybatis-3.5.7.jar;C:\Users\Miah.Arif\.m2\repository\org\seleniumhq\selenium\selenium-java\3.141.59\selenium-java-3.141.59.jar;C:\Users\Miah.Arif\.m2\repository\org\seleniumhq\selenium\selenium-api\3.141.59\selenium-api-3.141.59.jar;C:\Users\Miah.Arif\.m2\repository\org\seleniumhq\selenium\selenium-chrome-driver\3.141.59\selenium-chrome-driver-3.141.59.jar;C:\Users\Miah.Arif\.m2\repository\org\seleniumhq\selenium\selenium-edge-driver\3.141.59\selenium-edge-driver-3.141.59.jar;C:\Users\Miah.Arif\.m2\repository\org\seleniumhq\selenium\selenium-firefox-driver\3.141.59\selenium-firefox-driver-3.141.59.jar;C:\Users\Miah.Arif\.m2\repository\org\seleniumhq\selenium\selenium-ie-driver\3.141.59\selenium-ie-driver-3.141.59.jar;C:\Users\Miah.Arif\.m2\repository\org\seleniumhq\selenium\selenium-opera-driver\3.141.59\selenium-opera-driver-3.141.59.jar;C:\Users\Miah.Arif\.m2\repository\org\seleniumhq\selenium\selenium-remote-driver\3.141.59\selenium-remote-driver-3.141.59.jar;C:\Users\Miah.Arif\.m2\repository\org\seleniumhq\selenium\selenium-safari-driver\3.141.59\selenium-safari-driver-3.141.59.jar;C:\Users\Miah.Arif\.m2\repository\org\seleniumhq\selenium\selenium-support\3.141.59\selenium-support-3.141.59.jar;C:\Users\Miah.Arif\.m2\repository\net\bytebuddy\byte-buddy\1.8.15\byte-buddy-1.8.15.jar;C:\Users\Miah.Arif\.m2\repository\org\apache\commons\commons-exec\1.3\commons-exec-1.3.jar;C:\Users\Miah.Arif\.m2\repository\com\google\guava\guava\25.0-jre\guava-25.0-jre.jar;C:\Users\Miah.Arif\.m2\repository\com\google\code\findbugs\jsr305\1.3.9\jsr305-1.3.9.jar;C:\Users\Miah.Arif\.m2\repository\org\checkerframework\checker-compat-qual\2.0.0\checker-compat-qual-2.0.0.jar;C:\Users\Miah.Arif\.m2\repository\com\google\errorp
Launcher Type: SUN_STANDARD

Environment Variables:
JAVA_HOME=C:\Program Files\Java\jdk1.8.0_261
PATH=C:/Users/Miah.Arif/.p2/pool/plugins/org.eclipse.justj.openjdk.hotspot.jre.full.win32.x86_64_14.0.2.v20200815-0932/jre/bin/server;C:/Users/Miah.Arif/.p2/pool/plugins/org.eclipse.justj.openjdk.hotspot.jre.full.win32.x86_64_14.0.2.v20200815-0932/jre/bin;C:\Program Files (x86)\Common Files\Oracle\Java\javapath;C:\Program Files (x86)\RSA SecurID Token Common;C:\WINDOWS\system32;C:\WINDOWS;C:\WINDOWS\System32\Wbem;C:\WINDOWS\System32\WindowsPowerShell\v1.0\;C:\WINDOWS\System32\OpenSSH\;C:\Program Files\Java\jdk1.8.0_261\bin;C:\Program Files\apache-maven-3.6.3\bin;Drivers;C:\Program Files (x86)\Pulse Secure\VC142.CRT\X64\;C:\Program Files (x86)\Pulse Secure\VC142.CRT\X86\;C:\Program Files\TortoiseSVN\bin;C:\Program Files\Git\cmd;C:\Users\Miah.Arif\AppData\Local\Microsoft\WindowsApps;;C:\Users\Miah.Arif\OneDrive - State of Maine\Desktop;
USERNAME=Miah.Arif
OS=Windows_NT
PROCESSOR_IDENTIFIER=Intel64 Family 6 Model 142 Stepping 12, GenuineIntel



---------------  S Y S T E M  ---------------

OS: Windows 10.0 , 64 bit Build 18362 (10.0.18362.1714)

CPU:total 8 (initial active 8) (4 cores per cpu, 2 threads per core) family 6 model 142 stepping 12, cmov, cx8, fxsr, mmx, sse, sse2, sse3, ssse3, sse4.1, sse4.2, popcnt, avx, avx2, aes, clmul, erms, 3dnowpref, lzcnt, ht, tsc, tscinvbit, bmi1, bmi2, adx

Memory: 4k page, physical 16578856k(5232468k free), swap 20326136k(4558620k free)

vm_info: Java HotSpot(TM) 64-Bit Server VM (25.261-b12) for windows-amd64 JRE (1.8.0_261-b12), built on Jun 18 2020 06:56:32 by "" with unknown MS VC++:1916

time: Mon Oct 18 18:31:14 2021
timezone: Eastern Daylight Time
elapsed time: 0 seconds (0d 0h 0m 0s)

