#
# A fatal error has been detected by the Java Runtime Environment:
#
#  EXCEPTION_ACCESS_VIOLATION (0xc0000005) at pc=0x000000005ee8607c, pid=25408, tid=0x000000000000285c
#
# JRE version: Java(TM) SE Runtime Environment (8.0_261-b12) (build 1.8.0_261-b12)
# Java VM: Java HotSpot(TM) 64-Bit Server VM (25.261-b12 mixed mode windows-amd64 compressed oops)
# Problematic frame:
# V  [jvm.dll+0x11607c]
#
# Failed to write core dump. Minidumps are not enabled by default on client versions of Windows
#
# If you would like to submit a bug report, please visit:
#   http://bugreport.java.com/bugreport/crash.jsp
#

---------------  T H R E A D  ---------------

Current thread (0x00000251880b6800):  VMThread [stack: 0x000000b7c1000000,0x000000b7c1100000] [id=10332]

siginfo: ExceptionCode=0xc0000005, reading address 0x0000000000000008

Registers:
RAX=0x0000000000000000, RBX=0x000000b7c10ff7d0, RCX=0x0000000000000000, RDX=0x0000000000000000
RSP=0x000000b7c10ff500, RBP=0x0000000000000001, RSI=0x0000000000000000, RDI=0x000000005f555080
R8 =0x0000000000000000, R9 =0x00000251ffe08380, R10=0x0000025187f930e0, R11=0x00000251ffe09014
R12=0x00000000000001fe, R13=0x0000025187f51790, R14=0x00000000000000b3, R15=0x000000005ed70000
RIP=0x000000005ee8607c, EFLAGS=0x0000000000010206

Top of Stack: (sp=0x000000b7c10ff500)
0x000000b7c10ff500:   00000251880b6800 000000005ee06978
0x000000b7c10ff510:   00000251ffe09138 000000b7c10ff630
0x000000b7c10ff520:   0000000000000000 000000b700000000
0x000000b7c10ff530:   00000251ffe09138 000000005ee86b22
0x000000b7c10ff540:   0000fa4cf1dcc9d5 000000b7c10ff7d0
0x000000b7c10ff550:   00000000000000b3 000000b7c10ff630
0x000000b7c10ff560:   000000b7c10ff7d0 000000005ee88415
0x000000b7c10ff570:   00000000000001e4 00000000000001e4
0x000000b7c10ff580:   000000b7c10ff660 000000b7c10ff7d0
0x000000b7c10ff590:   00000251000001e4 000000005ee85fc0
0x000000b7c10ff5a0:   0000000000000001 000000b7c10ff7d0
0x000000b7c10ff5b0:   00000000460001e1 00000000000000e6
0x000000b7c10ff5c0:   000000005ed70000 00000000000000b3
0x000000b7c10ff5d0:   000000005ed70000 00000000000000b3
0x000000b7c10ff5e0:   000000b7c10ff660 00000000000000b3
0x000000b7c10ff5f0:   00000251ffe09044 000000005ee88cee 

Instructions: (pc=0x000000005ee8607c)
0x000000005ee8605c:   8b cf e8 3d 9f ff ff 8b d0 48 8b cf e8 23 c9 ff
0x000000005ee8606c:   ff 48 63 c8 48 8b 44 cf 50 48 8d 3d 04 f0 6c 00
0x000000005ee8607c:   0f b6 48 08 8b 05 f6 ef 6c 00 80 f9 4c 74 2b 80
0x000000005ee8608c:   f9 5b 74 26 80 f9 4a 74 18 80 f9 44 74 13 80 f9 


Register to memory mapping:

RAX=0x0000000000000000 is an unknown value
RBX=0x000000b7c10ff7d0 is an unknown value
RCX=0x0000000000000000 is an unknown value
RDX=0x0000000000000000 is an unknown value
RSP=0x000000b7c10ff500 is an unknown value
RBP=0x0000000000000001 is an unknown value
RSI=0x0000000000000000 is an unknown value
RDI=0x000000005f555080 is an unknown value
R8 =0x0000000000000000 is an unknown value
R9 =0x00000251ffe08380 is pointing into metadata
R10=0x0000025187f930e0 is an unknown value
R11=0x00000251ffe09014 is pointing into metadata
R12=0x00000000000001fe is an unknown value
R13=0x0000025187f51790 is an unknown value
R14=0x00000000000000b3 is an unknown value
R15=0x000000005ed70000 is an unknown value


Stack: [0x000000b7c1000000,0x000000b7c1100000],  sp=0x000000b7c10ff500,  free space=1021k
Native frames: (J=compiled Java code, j=interpreted, Vv=VM code, C=native code)
V  [jvm.dll+0x11607c]
V  [jvm.dll+0x118415]
V  [jvm.dll+0x118cee]
V  [jvm.dll+0x11635a]
V  [jvm.dll+0x1154ea]
V  [jvm.dll+0xdccbb]
V  [jvm.dll+0xdd753]
V  [jvm.dll+0x1222f4]
V  [jvm.dll+0x145520]
V  [jvm.dll+0x1c9491]
V  [jvm.dll+0x255637]
V  [jvm.dll+0x253da5]
V  [jvm.dll+0x25451c]
V  [jvm.dll+0x25482c]
V  [jvm.dll+0x2a1cfc]
C  [ucrtbase.dll+0x210b2]
C  [KERNEL32.DLL+0x17c24]
C  [ntdll.dll+0x6d721]

VM_Operation (0x000000b7c15fef40): GetOrSetLocal, mode: safepoint, requested by thread 0x0000025188133800


---------------  P R O C E S S  ---------------

Java Threads: ( => current thread )
  0x000002518b2b3800 JavaThread "Okio Watchdog" daemon [_thread_blocked, id=8180, stack(0x000000b7c2900000,0x000000b7c2a00000)]
  0x000002518b399800 JavaThread "Exec Stream Pumper" daemon [_thread_in_native, id=21732, stack(0x000000b7c2300000,0x000000b7c2400000)]
  0x000002518b38a800 JavaThread "Exec Stream Pumper" daemon [_thread_in_native, id=18952, stack(0x000000b7c2200000,0x000000b7c2300000)]
  0x000002518bb53800 JavaThread "Exec Default Executor" daemon [_thread_in_native, id=26740, stack(0x000000b7c2000000,0x000000b7c2100000)]
  0x000002518acef000 JavaThread "ReaderThread" [_thread_in_native, id=1396, stack(0x000000b7c1f00000,0x000000b7c2000000)]
  0x000002518a2d3800 JavaThread "Service Thread" daemon [_thread_blocked, id=28016, stack(0x000000b7c1c00000,0x000000b7c1d00000)]
  0x0000025188170800 JavaThread "C1 CompilerThread3" daemon [_thread_blocked, id=5600, stack(0x000000b7c1b00000,0x000000b7c1c00000)]
  0x0000025188158000 JavaThread "C2 CompilerThread2" daemon [_thread_blocked, id=9600, stack(0x000000b7c1a00000,0x000000b7c1b00000)]
  0x0000025188154000 JavaThread "C2 CompilerThread1" daemon [_thread_blocked, id=12624, stack(0x000000b7c1900000,0x000000b7c1a00000)]
  0x0000025188150800 JavaThread "C2 CompilerThread0" daemon [_thread_blocked, id=26128, stack(0x000000b7c1800000,0x000000b7c1900000)]
  0x000002518813b000 JavaThread "JDWP Command Reader" daemon [_thread_in_native, id=27152, stack(0x000000b7c1700000,0x000000b7c1800000)]
  0x0000025188137800 JavaThread "JDWP Event Helper Thread" daemon [_thread_blocked, id=25212, stack(0x000000b7c1600000,0x000000b7c1700000)]
  0x0000025188133800 JavaThread "JDWP Transport Listener: dt_socket" daemon [_thread_blocked, id=22084, stack(0x000000b7c1500000,0x000000b7c1600000)]
  0x000002518810d800 JavaThread "Attach Listener" daemon [_thread_blocked, id=28396, stack(0x000000b7c1400000,0x000000b7c1500000)]
  0x000002518810c800 JavaThread "Signal Dispatcher" daemon [_thread_blocked, id=11440, stack(0x000000b7c1300000,0x000000b7c1400000)]
  0x00000251880e6800 JavaThread "Finalizer" daemon [_thread_blocked, id=26260, stack(0x000000b7c1200000,0x000000b7c1300000)]
  0x00000251880df800 JavaThread "Reference Handler" daemon [_thread_blocked, id=20116, stack(0x000000b7c1100000,0x000000b7c1200000)]
  0x00000251ed550000 JavaThread "main" [_thread_blocked, id=15792, stack(0x000000b7c0700000,0x000000b7c0800000)]

Other Threads:
=>0x00000251880b6800 VMThread [stack: 0x000000b7c1000000,0x000000b7c1100000] [id=10332]
  0x000002518a346000 WatcherThread [stack: 0x000000b7c1d00000,0x000000b7c1e00000] [id=27852]

VM state:at safepoint (normal execution)

VM Mutex/Monitor currently owned by a thread:  ([mutex/lock_event])
[0x00000251ed54c7c0] Threads_lock - owner thread: 0x00000251880b6800

heap address: 0x00000006c3000000, size: 4048 MB, Compressed Oops mode: Zero based, Oop shift amount: 3
Narrow klass base: 0x0000000000000000, Narrow klass shift: 3
Compressed class space size: 1073741824 Address: 0x00000007c0000000

Heap:
 PSYoungGen      total 85504K, used 69896K [0x000000076bb00000, 0x0000000772400000, 0x00000007c0000000)
  eden space 83456K, 81% used [0x000000076bb00000,0x000000076fd74850,0x0000000770c80000)
  from space 2048K, 90% used [0x0000000770e80000,0x000000077104db08,0x0000000771080000)
  to   space 11264K, 0% used [0x0000000771900000,0x0000000771900000,0x0000000772400000)
 ParOldGen       total 120320K, used 10178K [0x00000006c3000000, 0x00000006ca580000, 0x000000076bb00000)
  object space 120320K, 8% used [0x00000006c3000000,0x00000006c39f0b10,0x00000006ca580000)
 Metaspace       used 22532K, capacity 23444K, committed 23680K, reserved 1071104K
  class space    used 2647K, capacity 2874K, committed 2944K, reserved 1048576K

Card table byte_map: [0x00000251fe230000,0x00000251fea20000] byte_map_base: 0x00000251fac18000

Marking Bits: (ParMarkBitMap*) 0x000000005f564fb0
 Begin Bits: [0x0000025180000000, 0x0000025183f40000)
 End Bits:   [0x0000025183f40000, 0x0000025187e80000)

Polling page: 0x00000251ed790000

CodeCache: size=245760Kb used=10998Kb max_used=11056Kb free=234761Kb
 bounds [0x00000251eee70000, 0x00000251ef950000, 0x00000251fde70000]
 total_blobs=3580 nmethods=3125 adapters=374
 compilation: enabled

Compilation events (10 events):
Event: 139.262 Thread 0x0000025188170800 3538       3       sun.reflect.generics.visitor.Reifier::reifyTypeArguments (38 bytes)
Event: 139.262 Thread 0x0000025188170800 nmethod 3538 0x00000251ef1a6c90 code [0x00000251ef1a6e20, 0x00000251ef1a7310]
Event: 139.262 Thread 0x0000025188170800 3539       3       sun.reflect.generics.reflectiveObjects.ParameterizedTypeImpl::<init> (35 bytes)
Event: 139.263 Thread 0x0000025188170800 nmethod 3539 0x00000251ef5de550 code [0x00000251ef5de700, 0x00000251ef5dece0]
Event: 140.263 Thread 0x0000025188158000 3540       4       okhttp3.Headers$Builder::removeAll (68 bytes)
Event: 140.271 Thread 0x0000025188158000 nmethod 3540 0x00000251ef5c0990 code [0x00000251ef5c0b40, 0x00000251ef5c13e8]
Event: 140.289 Thread 0x0000025188170800 3541       3       org.openqa.selenium.json.JsonOutput::endArray (148 bytes)
Event: 140.290 Thread 0x0000025188170800 nmethod 3541 0x00000251ef5d7450 code [0x00000251ef5d7740, 0x00000251ef5d8f10]
Event: 143.569 Thread 0x0000025188150800 3542       4       java.util.ArrayDeque::removeFirst (19 bytes)
Event: 143.571 Thread 0x0000025188150800 nmethod 3542 0x00000251ef5de190 code [0x00000251ef5de2e0, 0x00000251ef5de3d8]

GC Heap History (10 events):
Event: 55.208 GC heap before
{Heap before GC invocations=6 (full 1):
 PSYoungGen      total 84992K, used 79024K [0x000000076bb00000, 0x0000000771b80000, 0x00000007c0000000)
  eden space 77312K, 100% used [0x000000076bb00000,0x0000000770680000,0x0000000770680000)
  from space 7680K, 22% used [0x0000000771400000,0x00000007715ac348,0x0000000771b80000)
  to   space 10752K, 0% used [0x0000000770680000,0x0000000770680000,0x0000000771100000)
 ParOldGen       total 120320K, used 10138K [0x00000006c3000000, 0x00000006ca580000, 0x000000076bb00000)
  object space 120320K, 8% used [0x00000006c3000000,0x00000006c39e6b10,0x00000006ca580000)
 Metaspace       used 21906K, capacity 22796K, committed 22912K, reserved 1069056K
  class space    used 2628K, capacity 2838K, committed 2944K, reserved 1048576K
Event: 55.209 GC heap after
Heap after GC invocations=6 (full 1):
 PSYoungGen      total 88064K, used 1942K [0x000000076bb00000, 0x0000000772c00000, 0x00000007c0000000)
  eden space 77312K, 0% used [0x000000076bb00000,0x000000076bb00000,0x0000000770680000)
  from space 10752K, 18% used [0x0000000770680000,0x0000000770865ae8,0x0000000771100000)
  to   space 13312K, 0% used [0x0000000771f00000,0x0000000771f00000,0x0000000772c00000)
 ParOldGen       total 120320K, used 10146K [0x00000006c3000000, 0x00000006ca580000, 0x000000076bb00000)
  object space 120320K, 8% used [0x00000006c3000000,0x00000006c39e8b10,0x00000006ca580000)
 Metaspace       used 21906K, capacity 22796K, committed 22912K, reserved 1069056K
  class space    used 2628K, capacity 2838K, committed 2944K, reserved 1048576K
}
Event: 70.402 GC heap before
{Heap before GC invocations=7 (full 1):
 PSYoungGen      total 88064K, used 79254K [0x000000076bb00000, 0x0000000772c00000, 0x00000007c0000000)
  eden space 77312K, 100% used [0x000000076bb00000,0x0000000770680000,0x0000000770680000)
  from space 10752K, 18% used [0x0000000770680000,0x0000000770865ae8,0x0000000771100000)
  to   space 13312K, 0% used [0x0000000771f00000,0x0000000771f00000,0x0000000772c00000)
 ParOldGen       total 120320K, used 10146K [0x00000006c3000000, 0x00000006ca580000, 0x000000076bb00000)
  object space 120320K, 8% used [0x00000006c3000000,0x00000006c39e8b10,0x00000006ca580000)
 Metaspace       used 22051K, capacity 22932K, committed 23168K, reserved 1069056K
  class space    used 2628K, capacity 2838K, committed 2944K, reserved 1048576K
Event: 70.404 GC heap after
Heap after GC invocations=7 (full 1):
 PSYoungGen      total 96256K, used 1792K [0x000000076bb00000, 0x0000000772880000, 0x00000007c0000000)
  eden space 86528K, 0% used [0x000000076bb00000,0x000000076bb00000,0x0000000770f80000)
  from space 9728K, 18% used [0x0000000771f00000,0x00000007720c0328,0x0000000772880000)
  to   space 12800K, 0% used [0x0000000770f80000,0x0000000770f80000,0x0000000771c00000)
 ParOldGen       total 120320K, used 10154K [0x00000006c3000000, 0x00000006ca580000, 0x000000076bb00000)
  object space 120320K, 8% used [0x00000006c3000000,0x00000006c39eab10,0x00000006ca580000)
 Metaspace       used 22051K, capacity 22932K, committed 23168K, reserved 1069056K
  class space    used 2628K, capacity 2838K, committed 2944K, reserved 1048576K
}
Event: 90.020 GC heap before
{Heap before GC invocations=8 (full 1):
 PSYoungGen      total 96256K, used 88320K [0x000000076bb00000, 0x0000000772880000, 0x00000007c0000000)
  eden space 86528K, 100% used [0x000000076bb00000,0x0000000770f80000,0x0000000770f80000)
  from space 9728K, 18% used [0x0000000771f00000,0x00000007720c0328,0x0000000772880000)
  to   space 12800K, 0% used [0x0000000770f80000,0x0000000770f80000,0x0000000771c00000)
 ParOldGen       total 120320K, used 10154K [0x00000006c3000000, 0x00000006ca580000, 0x000000076bb00000)
  object space 120320K, 8% used [0x00000006c3000000,0x00000006c39eab10,0x00000006ca580000)
 Metaspace       used 22214K, capacity 23160K, committed 23424K, reserved 1069056K
  class space    used 2630K, capacity 2870K, committed 2944K, reserved 1048576K
Event: 90.021 GC heap after
Heap after GC invocations=8 (full 1):
 PSYoungGen      total 99328K, used 2056K [0x000000076bb00000, 0x0000000772f80000, 0x00000007c0000000)
  eden space 86528K, 0% used [0x000000076bb00000,0x000000076bb00000,0x0000000770f80000)
  from space 12800K, 16% used [0x0000000770f80000,0x0000000771182320,0x0000000771c00000)
  to   space 12288K, 0% used [0x0000000772380000,0x0000000772380000,0x0000000772f80000)
 ParOldGen       total 120320K, used 10162K [0x00000006c3000000, 0x00000006ca580000, 0x000000076bb00000)
  object space 120320K, 8% used [0x00000006c3000000,0x00000006c39ecb10,0x00000006ca580000)
 Metaspace       used 22214K, capacity 23160K, committed 23424K, reserved 1069056K
  class space    used 2630K, capacity 2870K, committed 2944K, reserved 1048576K
}
Event: 107.548 GC heap before
{Heap before GC invocations=9 (full 1):
 PSYoungGen      total 99328K, used 88584K [0x000000076bb00000, 0x0000000772f80000, 0x00000007c0000000)
  eden space 86528K, 100% used [0x000000076bb00000,0x0000000770f80000,0x0000000770f80000)
  from space 12800K, 16% used [0x0000000770f80000,0x0000000771182320,0x0000000771c00000)
  to   space 12288K, 0% used [0x0000000772380000,0x0000000772380000,0x0000000772f80000)
 ParOldGen       total 120320K, used 10162K [0x00000006c3000000, 0x00000006ca580000, 0x000000076bb00000)
  object space 120320K, 8% used [0x00000006c3000000,0x00000006c39ecb10,0x00000006ca580000)
 Metaspace       used 22364K, capacity 23294K, committed 23424K, reserved 1069056K
  class space    used 2632K, capacity 2871K, committed 2944K, reserved 1048576K
Event: 107.549 GC heap after
Heap after GC invocations=9 (full 1):
 PSYoungGen      total 87040K, used 1797K [0x000000076bb00000, 0x0000000772580000, 0x00000007c0000000)
  eden space 84992K, 0% used [0x000000076bb00000,0x000000076bb00000,0x0000000770e00000)
  from space 2048K, 87% used [0x0000000772380000,0x00000007725416d8,0x0000000772580000)
  to   space 11776K, 0% used [0x0000000770e80000,0x0000000770e80000,0x0000000771a00000)
 ParOldGen       total 120320K, used 10170K [0x00000006c3000000, 0x00000006ca580000, 0x000000076bb00000)
  object space 120320K, 8% used [0x00000006c3000000,0x00000006c39eeb10,0x00000006ca580000)
 Metaspace       used 22364K, capacity 23294K, committed 23424K, reserved 1069056K
  class space    used 2632K, capacity 2871K, committed 2944K, reserved 1048576K
}
Event: 127.272 GC heap before
{Heap before GC invocations=10 (full 1):
 PSYoungGen      total 87040K, used 86789K [0x000000076bb00000, 0x0000000772580000, 0x00000007c0000000)
  eden space 84992K, 100% used [0x000000076bb00000,0x0000000770e00000,0x0000000770e00000)
  from space 2048K, 87% used [0x0000000772380000,0x00000007725416d8,0x0000000772580000)
  to   space 11776K, 0% used [0x0000000770e80000,0x0000000770e80000,0x0000000771a00000)
 ParOldGen       total 120320K, used 10170K [0x00000006c3000000, 0x00000006ca580000, 0x000000076bb00000)
  object space 120320K, 8% used [0x00000006c3000000,0x00000006c39eeb10,0x00000006ca580000)
 Metaspace       used 22406K, capacity 23308K, committed 23424K, reserved 1069056K
  class space    used 2635K, capacity 2872K, committed 2944K, reserved 1048576K
Event: 127.274 GC heap after
Heap after GC invocations=10 (full 1):
 PSYoungGen      total 85504K, used 1846K [0x000000076bb00000, 0x0000000772400000, 0x00000007c0000000)
  eden space 83456K, 0% used [0x000000076bb00000,0x000000076bb00000,0x0000000770c80000)
  from space 2048K, 90% used [0x0000000770e80000,0x000000077104db08,0x0000000771080000)
  to   space 11264K, 0% used [0x0000000771900000,0x0000000771900000,0x0000000772400000)
 ParOldGen       total 120320K, used 10178K [0x00000006c3000000, 0x00000006ca580000, 0x000000076bb00000)
  object space 120320K, 8% used [0x00000006c3000000,0x00000006c39f0b10,0x00000006ca580000)
 Metaspace       used 22406K, capacity 23308K, committed 23424K, reserved 1069056K
  class space    used 2635K, capacity 2872K, committed 2944K, reserved 1048576K
}

Deoptimization events (10 events):
Event: 131.663 Thread 0x00000251ed550000 Uncommon trap: reason=unhandled action=none pc=0x00000251ef82d4a4 method=java.lang.Class.getDeclaredMethod(Ljava/lang/String;[Ljava/lang/Class;)Ljava/lang/reflect/Method; @ 64
Event: 131.663 Thread 0x00000251ed550000 Uncommon trap: reason=unhandled action=none pc=0x00000251ef82d4a4 method=java.lang.Class.getDeclaredMethod(Ljava/lang/String;[Ljava/lang/Class;)Ljava/lang/reflect/Method; @ 64
Event: 131.663 Thread 0x00000251ed550000 Uncommon trap: reason=unhandled action=none pc=0x00000251ef82d4a4 method=java.lang.Class.getDeclaredMethod(Ljava/lang/String;[Ljava/lang/Class;)Ljava/lang/reflect/Method; @ 64
Event: 131.663 Thread 0x00000251ed550000 Uncommon trap: reason=unhandled action=none pc=0x00000251ef82d4a4 method=java.lang.Class.getDeclaredMethod(Ljava/lang/String;[Ljava/lang/Class;)Ljava/lang/reflect/Method; @ 64
Event: 131.663 Thread 0x00000251ed550000 Uncommon trap: reason=unhandled action=none pc=0x00000251ef82d4a4 method=java.lang.Class.getDeclaredMethod(Ljava/lang/String;[Ljava/lang/Class;)Ljava/lang/reflect/Method; @ 64
Event: 131.663 Thread 0x00000251ed550000 Uncommon trap: reason=unhandled action=none pc=0x00000251ef82d4a4 method=java.lang.Class.getDeclaredMethod(Ljava/lang/String;[Ljava/lang/Class;)Ljava/lang/reflect/Method; @ 64
Event: 131.663 Thread 0x00000251ed550000 Uncommon trap: reason=unhandled action=none pc=0x00000251ef82d4a4 method=java.lang.Class.getDeclaredMethod(Ljava/lang/String;[Ljava/lang/Class;)Ljava/lang/reflect/Method; @ 64
Event: 131.663 Thread 0x00000251ed550000 Uncommon trap: reason=unhandled action=none pc=0x00000251ef82d4a4 method=java.lang.Class.getDeclaredMethod(Ljava/lang/String;[Ljava/lang/Class;)Ljava/lang/reflect/Method; @ 64
Event: 131.663 Thread 0x00000251ed550000 Uncommon trap: reason=unstable_if action=reinterpret pc=0x00000251ef82a3a4 method=java.lang.Class.getDeclaredMethod(Ljava/lang/String;[Ljava/lang/Class;)Ljava/lang/reflect/Method; @ 21
Event: 137.047 Thread 0x00000251ed550000 Uncommon trap: reason=unstable_if action=reinterpret pc=0x00000251ef1d6614 method=java.util.HashMap$HashIterator.<init>(Ljava/util/HashMap;)V @ 45

Classes redefined (4 events):
Event: 530.197 Thread 0x00000251880b6800 redefined class name=com.eisrem.testCases.Module_Organization.TC_Organization_Users_End_Date_Location, count=1
Event: 1808.293 Thread 0x00000251880b6800 redefined class name=com.eisrem.testCases.Module_Organization.TC_Organization_Users_End_Date_Location, count=2
Event: 2051.669 Thread 0x00000251880b6800 redefined class name=com.eisrem.testCases.Module_Organization.TC_Organization_Users_End_Date_Location, count=3
Event: 2219.933 Thread 0x00000251880b6800 redefined class name=com.eisrem.testCases.Module_Organization.TC_Organization_Users_End_Date_Location, count=4

Internal exceptions (10 events):
Event: 142.420 Thread 0x00000251ed550000 Exception <a 'java/net/SocketTimeoutException': Read timed out> (0x000000076f2a7aa8) thrown at [C:\jenkins\workspace\8-2-build-windows-amd64-cygwin\jdk8u261\295\hotspot\src\share\vm\prims\jni.cpp, line 737]
Event: 142.428 Thread 0x00000251ed550000 Exception <a 'java/net/SocketTimeoutException': Read timed out> (0x000000076f2ba920) thrown at [C:\jenkins\workspace\8-2-build-windows-amd64-cygwin\jdk8u261\295\hotspot\src\share\vm\prims\jni.cpp, line 737]
Event: 142.453 Thread 0x00000251ed550000 Exception <a 'java/net/SocketTimeoutException': Read timed out> (0x000000076f6ec520) thrown at [C:\jenkins\workspace\8-2-build-windows-amd64-cygwin\jdk8u261\295\hotspot\src\share\vm\prims\jni.cpp, line 737]
Event: 142.472 Thread 0x00000251ed550000 Exception <a 'java/net/SocketTimeoutException': Read timed out> (0x000000076f6fe6b8) thrown at [C:\jenkins\workspace\8-2-build-windows-amd64-cygwin\jdk8u261\295\hotspot\src\share\vm\prims\jni.cpp, line 737]
Event: 142.497 Thread 0x00000251ed550000 Exception <a 'java/net/SocketTimeoutException': Read timed out> (0x000000076fb315c0) thrown at [C:\jenkins\workspace\8-2-build-windows-amd64-cygwin\jdk8u261\295\hotspot\src\share\vm\prims\jni.cpp, line 737]
Event: 142.513 Thread 0x00000251ed550000 Exception <a 'java/net/SocketTimeoutException': Read timed out> (0x000000076fb44640) thrown at [C:\jenkins\workspace\8-2-build-windows-amd64-cygwin\jdk8u261\295\hotspot\src\share\vm\prims\jni.cpp, line 737]
Event: 142.530 Thread 0x00000251ed550000 Exception <a 'java/net/SocketTimeoutException': Read timed out> (0x000000076fb62a10) thrown at [C:\jenkins\workspace\8-2-build-windows-amd64-cygwin\jdk8u261\295\hotspot\src\share\vm\prims\jni.cpp, line 737]
Event: 143.537 Thread 0x00000251ed550000 Exception <a 'java/net/SocketTimeoutException': Read timed out> (0x000000076fb758c8) thrown at [C:\jenkins\workspace\8-2-build-windows-amd64-cygwin\jdk8u261\295\hotspot\src\share\vm\prims\jni.cpp, line 737]
Event: 143.547 Thread 0x00000251ed550000 Exception <a 'java/net/SocketTimeoutException': Read timed out> (0x000000076fb93d20) thrown at [C:\jenkins\workspace\8-2-build-windows-amd64-cygwin\jdk8u261\295\hotspot\src\share\vm\prims\jni.cpp, line 737]
Event: 143.554 Thread 0x00000251ed550000 Exception <a 'java/net/SocketTimeoutException': Read timed out> (0x000000076fba5cb8) thrown at [C:\jenkins\workspace\8-2-build-windows-amd64-cygwin\jdk8u261\295\hotspot\src\share\vm\prims\jni.cpp, line 737]

Events (10 events):
Event: 2219.952 Executing VM operation: ChangeBreakpoints done
Event: 2222.343 Executing VM operation: GetOwnedMonitorInfo
Event: 2222.343 Executing VM operation: GetOwnedMonitorInfo done
Event: 2222.343 Executing VM operation: GetCurrentContendedMonitor
Event: 2222.343 Executing VM operation: GetCurrentContendedMonitor done
Event: 2320.350 Executing VM operation: ChangeBreakpoints
Event: 2320.353 Executing VM operation: ChangeBreakpoints done
Event: 2322.050 Executing VM operation: ChangeBreakpoints
Event: 2322.050 Executing VM operation: ChangeBreakpoints done
Event: 4024.749 Executing VM operation: GetOrSetLocal


Dynamic libraries:
0x00007ff6ba4f0000 - 0x00007ff6ba537000 	C:\Program Files\Java\jdk1.8.0_261\bin\javaw.exe
0x00007ff891780000 - 0x00007ff891970000 	C:\WINDOWS\SYSTEM32\ntdll.dll
0x00007ff88f8c0000 - 0x00007ff88f973000 	C:\WINDOWS\System32\KERNEL32.DLL
0x00007ff88eec0000 - 0x00007ff88f166000 	C:\WINDOWS\System32\KERNELBASE.dll
0x00007ff890d20000 - 0x00007ff890dc3000 	C:\WINDOWS\System32\ADVAPI32.dll
0x00007ff8913a0000 - 0x00007ff89143e000 	C:\WINDOWS\System32\msvcrt.dll
0x00007ff88f820000 - 0x00007ff88f8b7000 	C:\WINDOWS\System32\sechost.dll
0x00007ff890650000 - 0x00007ff89076f000 	C:\WINDOWS\System32\RPCRT4.dll
0x00007ff890a80000 - 0x00007ff890c14000 	C:\WINDOWS\System32\USER32.dll
0x00007ff88f200000 - 0x00007ff88f221000 	C:\WINDOWS\System32\win32u.dll
0x00007ff891510000 - 0x00007ff891536000 	C:\WINDOWS\System32\GDI32.dll
0x00007ff88f3b0000 - 0x00007ff88f548000 	C:\WINDOWS\System32\gdi32full.dll
0x00007ff88f600000 - 0x00007ff88f69e000 	C:\WINDOWS\System32\msvcp_win.dll
0x00007ff88f6a0000 - 0x00007ff88f79a000 	C:\WINDOWS\System32\ucrtbase.dll
0x00007ff88cd30000 - 0x00007ff88cfb4000 	C:\WINDOWS\WinSxS\amd64_microsoft.windows.common-controls_6595b64144ccf1df_6.0.18362.1801_none_9e79a739e46243f0\COMCTL32.dll
0x00007ff891060000 - 0x00007ff891396000 	C:\WINDOWS\System32\combase.dll
0x00007ff88f170000 - 0x00007ff88f1f4000 	C:\WINDOWS\System32\bcryptPrimitives.dll
0x00007ff890930000 - 0x00007ff89095e000 	C:\WINDOWS\System32\IMM32.DLL
0x00007ff85c070000 - 0x00007ff85c114000 	C:\Program Files\McAfee\Endpoint Security\Threat Prevention\Ips\EpMPApi.dll
0x00007ff88f7c0000 - 0x00007ff88f81c000 	C:\WINDOWS\System32\WINTRUST.dll
0x00007ff88e6d0000 - 0x00007ff88e6e2000 	C:\WINDOWS\System32\MSASN1.dll
0x00007ff88f230000 - 0x00007ff88f37a000 	C:\WINDOWS\System32\CRYPT32.dll
0x000000005df50000 - 0x000000005df5c000 	C:\Program Files\McAfee\Endpoint Security\Threat Prevention\Ips\EpMPThe.dll
0x00007ff86b5c0000 - 0x00007ff86b5d5000 	C:\Program Files\Java\jdk1.8.0_261\jre\bin\vcruntime140.dll
0x00007ff86a550000 - 0x00007ff86a5eb000 	C:\Program Files\Java\jdk1.8.0_261\jre\bin\msvcp140.dll
0x000000005ed70000 - 0x000000005f5dc000 	C:\Program Files\Java\jdk1.8.0_261\jre\bin\server\jvm.dll
0x00007ff890920000 - 0x00007ff890928000 	C:\WINDOWS\System32\PSAPI.DLL
0x00007ff885ef0000 - 0x00007ff885ef9000 	C:\WINDOWS\SYSTEM32\WSOCK32.dll
0x00007ff87dc50000 - 0x00007ff87dc74000 	C:\WINDOWS\SYSTEM32\WINMM.dll
0x00007ff886de0000 - 0x00007ff886dea000 	C:\WINDOWS\SYSTEM32\VERSION.dll
0x00007ff890ff0000 - 0x00007ff89105f000 	C:\WINDOWS\System32\WS2_32.dll
0x00007ff87dc20000 - 0x00007ff87dc4d000 	C:\WINDOWS\SYSTEM32\WINMMBASE.dll
0x00007ff88ee70000 - 0x00007ff88eeba000 	C:\WINDOWS\System32\cfgmgr32.dll
0x00007ff88e640000 - 0x00007ff88e651000 	C:\WINDOWS\System32\kernel.appcore.dll
0x00007ff86a180000 - 0x00007ff86a190000 	C:\Program Files\Java\jdk1.8.0_261\jre\bin\verify.dll
0x00007ff86a150000 - 0x00007ff86a17b000 	C:\Program Files\Java\jdk1.8.0_261\jre\bin\java.dll
0x00007ff85b9b0000 - 0x00007ff85b9e6000 	C:\Program Files\Java\jdk1.8.0_261\jre\bin\jdwp.dll
0x00007ff887d50000 - 0x00007ff887d59000 	C:\Program Files\Java\jdk1.8.0_261\jre\bin\npt.dll
0x00007ff86a100000 - 0x00007ff86a118000 	C:\Program Files\Java\jdk1.8.0_261\jre\bin\zip.dll
0x00007ff88f980000 - 0x00007ff890067000 	C:\WINDOWS\System32\SHELL32.dll
0x00007ff891690000 - 0x00007ff891739000 	C:\WINDOWS\System32\shcore.dll
0x00007ff88e6f0000 - 0x00007ff88ee6b000 	C:\WINDOWS\System32\windows.storage.dll
0x00007ff88e6b0000 - 0x00007ff88e6ce000 	C:\WINDOWS\System32\profapi.dll
0x00007ff88e660000 - 0x00007ff88e6aa000 	C:\WINDOWS\System32\powrprof.dll
0x00007ff88e630000 - 0x00007ff88e640000 	C:\WINDOWS\System32\UMPDC.dll
0x00007ff890f90000 - 0x00007ff890fe2000 	C:\WINDOWS\System32\shlwapi.dll
0x00007ff88f7a0000 - 0x00007ff88f7b7000 	C:\WINDOWS\System32\cryptsp.dll
0x00007ff87e280000 - 0x00007ff87e28a000 	C:\Program Files\Java\jdk1.8.0_261\jre\bin\dt_socket.dll
0x00007ff863fb0000 - 0x00007ff863fc6000 	C:\WINDOWS\system32\napinsp.dll
0x00007ff863f90000 - 0x00007ff863faa000 	C:\WINDOWS\system32\pnrpnsp.dll
0x00007ff88de10000 - 0x00007ff88de77000 	C:\WINDOWS\System32\mswsock.dll
0x00007ff88db60000 - 0x00007ff88dc2a000 	C:\WINDOWS\SYSTEM32\DNSAPI.dll
0x00007ff890c80000 - 0x00007ff890c88000 	C:\WINDOWS\System32\NSI.dll
0x00007ff88db20000 - 0x00007ff88db5a000 	C:\WINDOWS\SYSTEM32\IPHLPAPI.DLL
0x00007ff863dd0000 - 0x00007ff863dde000 	C:\WINDOWS\System32\winrnr.dll
0x00007ff888540000 - 0x00007ff88855c000 	C:\WINDOWS\system32\NLAapi.dll
0x00007ff8638a0000 - 0x00007ff8638b5000 	C:\WINDOWS\system32\wshbth.dll
0x00007ff889ba0000 - 0x00007ff889c17000 	C:\WINDOWS\System32\fwpuclnt.dll
0x00007ff88f380000 - 0x00007ff88f3a6000 	C:\WINDOWS\System32\bcrypt.dll
0x00007ff885bb0000 - 0x00007ff885bba000 	C:\Windows\System32\rasadhlp.dll
0x00007ff868950000 - 0x00007ff86896c000 	C:\Program Files\Java\jdk1.8.0_261\jre\bin\net.dll
0x00007ff88d720000 - 0x00007ff88d753000 	C:\WINDOWS\system32\rsaenh.dll
0x00007ff88e550000 - 0x00007ff88e575000 	C:\WINDOWS\SYSTEM32\USERENV.dll
0x00007ff88dfe0000 - 0x00007ff88dfec000 	C:\WINDOWS\SYSTEM32\CRYPTBASE.dll
0x00007ff889b20000 - 0x00007ff889b36000 	C:\WINDOWS\SYSTEM32\dhcpcsvc6.DLL
0x00007ff889ad0000 - 0x00007ff889aec000 	C:\WINDOWS\SYSTEM32\dhcpcsvc.DLL
0x00007ff868090000 - 0x00007ff8680a3000 	C:\Program Files\Java\jdk1.8.0_261\jre\bin\nio.dll
0x00007ff864100000 - 0x00007ff864124000 	C:\Program Files\Java\jdk1.8.0_261\jre\bin\sunec.dll
0x00007ff863f80000 - 0x00007ff863f8d000 	C:\Program Files\Java\jdk1.8.0_261\jre\bin\sunmscapi.dll
0x00007ff88e140000 - 0x00007ff88e166000 	C:\WINDOWS\SYSTEM32\ncrypt.dll
0x00007ff88e100000 - 0x00007ff88e13b000 	C:\WINDOWS\SYSTEM32\NTASN1.dll
0x00007ff88c530000 - 0x00007ff88c724000 	C:\WINDOWS\SYSTEM32\dbghelp.dll

VM Arguments:
jvm_args: -agentlib:jdwp=transport=dt_socket,suspend=y,address=localhost:54139 -ea -Dfile.encoding=Cp1252 
java_command: org.testng.remote.RemoteTestNG -serport 54138 -protocol json -d C:\Users\Miah.Arif\eclipse-workspace4\EISREM_Selenium\test-output C:\Users\MIAH~1.ARI\AppData\Local\Temp\testng-eclipse--1377924079\testng-customsuite.xml
java_class_path (initial): C:\Users\Miah.Arif\eclipse\java-2020-092\eclipse\configuration\org.eclipse.osgi\474\0\.cp\lib\testng-remote.jar;C:\Users\Miah.Arif\eclipse-workspace4\EISREM_Selenium\target\test-classes;C:\Users\Miah.Arif\eclipse-workspace4\EISREM_Selenium\mybatis-3.5.7.jar;C:\Users\Miah.Arif\.m2\repository\org\seleniumhq\selenium\selenium-java\3.141.59\selenium-java-3.141.59.jar;C:\Users\Miah.Arif\.m2\repository\org\seleniumhq\selenium\selenium-api\3.141.59\selenium-api-3.141.59.jar;C:\Users\Miah.Arif\.m2\repository\org\seleniumhq\selenium\selenium-chrome-driver\3.141.59\selenium-chrome-driver-3.141.59.jar;C:\Users\Miah.Arif\.m2\repository\org\seleniumhq\selenium\selenium-edge-driver\3.141.59\selenium-edge-driver-3.141.59.jar;C:\Users\Miah.Arif\.m2\repository\org\seleniumhq\selenium\selenium-firefox-driver\3.141.59\selenium-firefox-driver-3.141.59.jar;C:\Users\Miah.Arif\.m2\repository\org\seleniumhq\selenium\selenium-ie-driver\3.141.59\selenium-ie-driver-3.141.59.jar;C:\Users\Miah.Arif\.m2\repository\org\seleniumhq\selenium\selenium-opera-driver\3.141.59\selenium-opera-driver-3.141.59.jar;C:\Users\Miah.Arif\.m2\repository\org\seleniumhq\selenium\selenium-remote-driver\3.141.59\selenium-remote-driver-3.141.59.jar;C:\Users\Miah.Arif\.m2\repository\org\seleniumhq\selenium\selenium-safari-driver\3.141.59\selenium-safari-driver-3.141.59.jar;C:\Users\Miah.Arif\.m2\repository\org\seleniumhq\selenium\selenium-support\3.141.59\selenium-support-3.141.59.jar;C:\Users\Miah.Arif\.m2\repository\net\bytebuddy\byte-buddy\1.8.15\byte-buddy-1.8.15.jar;C:\Users\Miah.Arif\.m2\repository\org\apache\commons\commons-exec\1.3\commons-exec-1.3.jar;C:\Users\Miah.Arif\.m2\repository\com\google\guava\guava\25.0-jre\guava-25.0-jre.jar;C:\Users\Miah.Arif\.m2\repository\com\google\code\findbugs\jsr305\1.3.9\jsr305-1.3.9.jar;C:\Users\Miah.Arif\.m2\repository\org\checkerframework\checker-compat-qual\2.0.0\checker-compat-qual-2.0.0.jar;C:\Users\Miah.Arif\.m2\repository\com\google\errorp
Launcher Type: SUN_STANDARD

Environment Variables:
JAVA_HOME=C:\Program Files\Java\jdk1.8.0_261
PATH=C:\Program Files\Java\jdk1.8.0_261\jre\bin;C:/Users/Miah.Arif/.p2/pool/plugins/org.eclipse.justj.openjdk.hotspot.jre.full.win32.x86_64_14.0.2.v20200815-0932/jre/bin/server;C:/Users/Miah.Arif/.p2/pool/plugins/org.eclipse.justj.openjdk.hotspot.jre.full.win32.x86_64_14.0.2.v20200815-0932/jre/bin;C:\Program Files (x86)\Common Files\Oracle\Java\javapath;C:\Program Files (x86)\RSA SecurID Token Common;C:\WINDOWS\system32;C:\WINDOWS;C:\WINDOWS\System32\Wbem;C:\WINDOWS\System32\WindowsPowerShell\v1.0\;C:\WINDOWS\System32\OpenSSH\;C:\Program Files\Java\jdk1.8.0_261\bin;C:\Program Files\apache-maven-3.6.3\bin;Drivers;C:\Program Files (x86)\Pulse Secure\VC142.CRT\X64\;C:\Program Files (x86)\Pulse Secure\VC142.CRT\X86\;C:\Program Files\TortoiseSVN\bin;C:\Program Files\Git\cmd;C:\Users\Miah.Arif\AppData\Local\Microsoft\WindowsApps;;C:\Users\Miah.Arif\OneDrive - State of Maine\Desktop;
USERNAME=Miah.Arif
OS=Windows_NT
PROCESSOR_IDENTIFIER=Intel64 Family 6 Model 142 Stepping 12, GenuineIntel



---------------  S Y S T E M  ---------------

OS: Windows 10.0 , 64 bit Build 18362 (10.0.18362.1766)

CPU:total 8 (initial active 8) (4 cores per cpu, 2 threads per core) family 6 model 142 stepping 12, cmov, cx8, fxsr, mmx, sse, sse2, sse3, ssse3, sse4.1, sse4.2, popcnt, avx, avx2, aes, clmul, erms, 3dnowpref, lzcnt, ht, tsc, tscinvbit, bmi1, bmi2, adx

Memory: 4k page, physical 16578856k(4724520k free), swap 21261548k(2581064k free)

vm_info: Java HotSpot(TM) 64-Bit Server VM (25.261-b12) for windows-amd64 JRE (1.8.0_261-b12), built on Jun 18 2020 06:56:32 by "" with unknown MS VC++:1916

time: Wed Oct 20 15:43:55 2021
timezone: Eastern Daylight Time
elapsed time: 4024 seconds (0d 1h 7m 4s)

