#
# A fatal error has been detected by the Java Runtime Environment:
#
#  EXCEPTION_ACCESS_VIOLATION (0xc0000005) at pc=0x000000005eeb84f6, pid=2652, tid=0x000000000000466c
#
# JRE version: Java(TM) SE Runtime Environment (8.0_261-b12) (build 1.8.0_261-b12)
# Java VM: Java HotSpot(TM) 64-Bit Server VM (25.261-b12 mixed mode windows-amd64 compressed oops)
# Problematic frame:
# V  [jvm.dll+0x1484f6]
#
# Failed to write core dump. Minidumps are not enabled by default on client versions of Windows
#
# If you would like to submit a bug report, please visit:
#   http://bugreport.java.com/bugreport/crash.jsp
#

---------------  T H R E A D  ---------------

Current thread (0x0000020eb1c18800):  VMThread [stack: 0x000000f187400000,0x000000f187500000] [id=18028]

siginfo: ExceptionCode=0xc0000005, reading address 0x00000000002c00f8

Registers:
RAX=0x0000000000000001, RBX=0x0000020eb1845cd0, RCX=0x00000000002c0000, RDX=0x00000007c02c6140
RSP=0x000000f1874ff350, RBP=0x0000000000000000, RSI=0x0000000000000001, RDI=0x0000020eb1845a38
R8 =0x0000000000000001, R9 =0x0000020eb765a558, R10=0x0000020eb1ade590, R11=0x000000f1874ff488
R12=0x0000000000000001, R13=0x0000000000000001, R14=0x0000000000000001, R15=0x0000020eb1845a48
RIP=0x000000005eeb84f6, EFLAGS=0x0000000000010206

Top of Stack: (sp=0x000000f1874ff350)
0x000000f1874ff350:   0000000000000000 0000020eb47989e0
0x000000f1874ff360:   0000020eb765f600 000000005eeb07d5
0x000000f1874ff370:   0000000000000001 000000005ee9a8e8
0x000000f1874ff380:   000000f1874ff3c8 0000020eb765e7e0
0x000000f1874ff390:   0000000000000000 0000020eb11e0088
0x000000f1874ff3a0:   0000020eb1c18800 0000020e000000b1
0x000000f1874ff3b0:   00000007c02c58c0 0000020eb1c631f0
0x000000f1874ff3c0:   0000000500000005 0000020eb765f600
0x000000f1874ff3d0:   0000020eb1c18800 0000020eb1845a38
0x000000f1874ff3e0:   0000000000000000 0000020eb1c18800
0x000000f1874ff3f0:   0000020eb47989e0 00000007c02c6140
0x000000f1874ff400:   00000007c00a6608 0000000000000001
0x000000f1874ff410:   0000000000000000 0000000000000000
0x000000f1874ff420:   00000007c02c6140 000000005ee8cc93
0x000000f1874ff430:   00000007c00a6608 0000020e00000001
0x000000f1874ff440:   0000000000000001 0000020e00000001 

Instructions: (pc=0x000000005eeb84f6)
0x000000005eeb84d6:   5c 24 40 48 8b 74 24 48 48 83 c4 20 41 5e c3 cc
0x000000005eeb84e6:   cc cc cc cc cc cc cc cc cc cc 40 56 48 83 ec 20
0x000000005eeb84f6:   83 b9 f8 00 00 00 00 48 8b f1 7e 6c 48 81 c1 00
0x000000005eeb8506:   01 00 00 48 89 5c 24 38 e8 2d 0d 00 00 48 8b d8 


Register to memory mapping:

RAX=0x0000000000000001 is an unknown value
RBX={method} {0x0000020eb1845cd8} 'TC_Organization_Users_End_Date_Location_001' '()V' in 'com/eisrem/testCases/Module_Organization/TC_Organization_Users_End_Date_Location'
RCX=0x00000000002c0000 is an unknown value
RDX=0x00000007c02c6140 is pointing into metadata
RSP=0x000000f1874ff350 is an unknown value
RBP=0x0000000000000000 is an unknown value
RSI=0x0000000000000001 is an unknown value
RDI=0x0000020eb1845a38 is pointing into metadata
R8 =0x0000000000000001 is an unknown value
R9 =0x0000020eb765a558 is pointing into metadata
R10=0x0000020eb1ade590 is an unknown value
R11=0x000000f1874ff488 is an unknown value
R12=0x0000000000000001 is an unknown value
R13=0x0000000000000001 is an unknown value
R14=0x0000000000000001 is an unknown value
R15=0x0000020eb1845a48 is pointing into metadata


Stack: [0x000000f187400000,0x000000f187500000],  sp=0x000000f1874ff350,  free space=1020k
Native frames: (J=compiled Java code, j=interpreted, Vv=VM code, C=native code)

VM_Operation (0x000000f1879ff650): RedefineClasses, mode: safepoint, requested by thread 0x0000020eb1c8e800, redefining class com.eisrem.testCases.Module_Organization.TC_Organization_Users_End_Date_Location



---------------  P R O C E S S  ---------------

Java Threads: ( => current thread )
  0x0000020eb4afb800 JavaThread "Okio Watchdog" daemon [_thread_blocked, id=26880, stack(0x000000f188d00000,0x000000f188e00000)]
  0x0000020eb6971800 JavaThread "Exec Stream Pumper" daemon [_thread_in_native, id=13104, stack(0x000000f188700000,0x000000f188800000)]
  0x0000020eb6a20800 JavaThread "Exec Stream Pumper" daemon [_thread_in_native, id=13196, stack(0x000000f188600000,0x000000f188700000)]
  0x0000020eb68b6000 JavaThread "Exec Default Executor" daemon [_thread_in_native, id=16416, stack(0x000000f188400000,0x000000f188500000)]
  0x0000020eb4808800 JavaThread "ReaderThread" [_thread_in_native, id=12596, stack(0x000000f188300000,0x000000f188400000)]
  0x0000020eb3e3b800 JavaThread "Service Thread" daemon [_thread_blocked, id=25016, stack(0x000000f188000000,0x000000f188100000)]
  0x0000020eb3df0800 JavaThread "C1 CompilerThread3" daemon [_thread_blocked, id=18212, stack(0x000000f187f00000,0x000000f188000000)]
  0x0000020eb1cce000 JavaThread "C2 CompilerThread2" daemon [_thread_blocked, id=14316, stack(0x000000f187e00000,0x000000f187f00000)]
  0x0000020eb1cb3000 JavaThread "C2 CompilerThread1" daemon [_thread_blocked, id=26184, stack(0x000000f187d00000,0x000000f187e00000)]
  0x0000020eb1caf000 JavaThread "C2 CompilerThread0" daemon [_thread_blocked, id=6560, stack(0x000000f187c00000,0x000000f187d00000)]
  0x0000020eb1c93800 JavaThread "JDWP Command Reader" daemon [_thread_in_native, id=20340, stack(0x000000f187b00000,0x000000f187c00000)]
  0x0000020eb1c92000 JavaThread "JDWP Event Helper Thread" daemon [_thread_blocked, id=26464, stack(0x000000f187a00000,0x000000f187b00000)]
  0x0000020eb1c8e800 JavaThread "JDWP Transport Listener: dt_socket" daemon [_thread_blocked, id=24328, stack(0x000000f187900000,0x000000f187a00000)]
  0x0000020eb1c6d800 JavaThread "Attach Listener" daemon [_thread_blocked, id=26448, stack(0x000000f187800000,0x000000f187900000)]
  0x0000020eb1c6b800 JavaThread "Signal Dispatcher" daemon [_thread_blocked, id=3740, stack(0x000000f187700000,0x000000f187800000)]
  0x0000020eb1c48000 JavaThread "Finalizer" daemon [_thread_blocked, id=26676, stack(0x000000f187600000,0x000000f187700000)]
  0x0000020eb1c40800 JavaThread "Reference Handler" daemon [_thread_blocked, id=16636, stack(0x000000f187500000,0x000000f187600000)]
  0x0000020e96fa4000 JavaThread "main" [_thread_blocked, id=15884, stack(0x000000f186b00000,0x000000f186c00000)]

Other Threads:
=>0x0000020eb1c18800 VMThread [stack: 0x000000f187400000,0x000000f187500000] [id=18028]
  0x0000020eb3e86000 WatcherThread [stack: 0x000000f188100000,0x000000f188200000] [id=16396]

VM state:at safepoint (normal execution)

VM Mutex/Monitor currently owned by a thread:  ([mutex/lock_event])
[0x0000020e96f9f7f0] Threads_lock - owner thread: 0x0000020eb1c18800

heap address: 0x00000006c3000000, size: 4048 MB, Compressed Oops mode: Zero based, Oop shift amount: 3
Narrow klass base: 0x0000000000000000, Narrow klass shift: 3
Compressed class space size: 1073741824 Address: 0x00000007c0000000

Heap:
 PSYoungGen      total 82944K, used 27557K [0x000000076bb00000, 0x0000000772180000, 0x00000007c0000000)
  eden space 72192K, 35% used [0x000000076bb00000,0x000000076d42da38,0x0000000770180000)
  from space 10752K, 16% used [0x0000000770180000,0x000000077033bc18,0x0000000770c00000)
  to   space 13312K, 0% used [0x0000000771480000,0x0000000771480000,0x0000000772180000)
 ParOldGen       total 129024K, used 10231K [0x00000006c3000000, 0x00000006cae00000, 0x000000076bb00000)
  object space 129024K, 7% used [0x00000006c3000000,0x00000006c39fdc98,0x00000006cae00000)
 Metaspace       used 22137K, capacity 23076K, committed 23168K, reserved 1069056K
  class space    used 2635K, capacity 2870K, committed 2944K, reserved 1048576K

Card table byte_map: [0x0000020ea7de0000,0x0000020ea85d0000] byte_map_base: 0x0000020ea47c8000

Marking Bits: (ParMarkBitMap*) 0x000000005f564fb0
 Begin Bits: [0x0000020ea8b20000, 0x0000020eaca60000)
 End Bits:   [0x0000020eaca60000, 0x0000020eb09a0000)

Polling page: 0x0000020e96f40000

CodeCache: size=245760Kb used=9743Kb max_used=9945Kb free=236016Kb
 bounds [0x0000020e98a20000, 0x0000020e99400000, 0x0000020ea7a20000]
 total_blobs=3317 nmethods=2868 adapters=368
 compilation: enabled

Compilation events (10 events):
Event: 59.835 Thread 0x0000020eb3df0800 3128       1       java.lang.reflect.Field::getGenericSignature (5 bytes)
Event: 59.835 Thread 0x0000020eb3df0800 nmethod 3128 0x0000020e98e85b90 code [0x0000020e98e85ce0, 0x0000020e98e85df8]
Event: 59.837 Thread 0x0000020eb3df0800 3129       1       sun.reflect.generics.repository.AbstractRepository::getTree (5 bytes)
Event: 59.837 Thread 0x0000020eb3df0800 nmethod 3129 0x0000020e98c7b990 code [0x0000020e98c7bae0, 0x0000020e98c7bbf8]
Event: 59.838 Thread 0x0000020eb3df0800 3130       1       sun.reflect.generics.repository.AbstractRepository::getFactory (5 bytes)
Event: 59.838 Thread 0x0000020eb3df0800 nmethod 3130 0x0000020e98ccd290 code [0x0000020e98ccd3e0, 0x0000020e98ccd4f8]
Event: 59.838 Thread 0x0000020eb3df0800 3131       3       sun.reflect.generics.visitor.Reifier::getResult (26 bytes)
Event: 59.838 Thread 0x0000020eb3df0800 nmethod 3131 0x0000020e98b51010 code [0x0000020e98b51160, 0x0000020e98b512d8]
Event: 59.838 Thread 0x0000020eb1caf000 3132       4       java.lang.reflect.AccessibleObject::setAccessible0 (42 bytes)
Event: 59.839 Thread 0x0000020eb1caf000 nmethod 3132 0x0000020e98b50c90 code [0x0000020e98b50de0, 0x0000020e98b50e78]

GC Heap History (10 events):
Event: 7.792 GC heap before
{Heap before GC invocations=2 (full 0):
 PSYoungGen      total 75776K, used 49467K [0x000000076bb00000, 0x0000000770f80000, 0x00000007c0000000)
  eden space 65024K, 62% used [0x000000076bb00000,0x000000076e2761b8,0x000000076fa80000)
  from space 10752K, 84% used [0x000000076fa80000,0x0000000770358a88,0x0000000770500000)
  to   space 10752K, 0% used [0x0000000770500000,0x0000000770500000,0x0000000770f80000)
 ParOldGen       total 173568K, used 88K [0x00000006c3000000, 0x00000006cd980000, 0x000000076bb00000)
  object space 173568K, 0% used [0x00000006c3000000,0x00000006c3016010,0x00000006cd980000)
 Metaspace       used 20310K, capacity 21124K, committed 21248K, reserved 1067008K
  class space    used 2476K, capacity 2692K, committed 2816K, reserved 1048576K
Event: 7.815 GC heap after
Heap after GC invocations=2 (full 0):
 PSYoungGen      total 75776K, used 10463K [0x000000076bb00000, 0x0000000770f80000, 0x00000007c0000000)
  eden space 65024K, 0% used [0x000000076bb00000,0x000000076bb00000,0x000000076fa80000)
  from space 10752K, 97% used [0x0000000770500000,0x0000000770f37ff8,0x0000000770f80000)
  to   space 10752K, 0% used [0x000000076fa80000,0x000000076fa80000,0x0000000770500000)
 ParOldGen       total 173568K, used 96K [0x00000006c3000000, 0x00000006cd980000, 0x000000076bb00000)
  object space 173568K, 0% used [0x00000006c3000000,0x00000006c3018010,0x00000006cd980000)
 Metaspace       used 20310K, capacity 21124K, committed 21248K, reserved 1067008K
  class space    used 2476K, capacity 2692K, committed 2816K, reserved 1048576K
}
Event: 7.815 GC heap before
{Heap before GC invocations=3 (full 1):
 PSYoungGen      total 75776K, used 10463K [0x000000076bb00000, 0x0000000770f80000, 0x00000007c0000000)
  eden space 65024K, 0% used [0x000000076bb00000,0x000000076bb00000,0x000000076fa80000)
  from space 10752K, 97% used [0x0000000770500000,0x0000000770f37ff8,0x0000000770f80000)
  to   space 10752K, 0% used [0x000000076fa80000,0x000000076fa80000,0x0000000770500000)
 ParOldGen       total 173568K, used 96K [0x00000006c3000000, 0x00000006cd980000, 0x000000076bb00000)
  object space 173568K, 0% used [0x00000006c3000000,0x00000006c3018010,0x00000006cd980000)
 Metaspace       used 20310K, capacity 21124K, committed 21248K, reserved 1067008K
  class space    used 2476K, capacity 2692K, committed 2816K, reserved 1048576K
Event: 7.944 GC heap after
Heap after GC invocations=3 (full 1):
 PSYoungGen      total 75776K, used 0K [0x000000076bb00000, 0x0000000770f80000, 0x00000007c0000000)
  eden space 65024K, 0% used [0x000000076bb00000,0x000000076bb00000,0x000000076fa80000)
  from space 10752K, 0% used [0x0000000770500000,0x0000000770500000,0x0000000770f80000)
  to   space 10752K, 0% used [0x000000076fa80000,0x000000076fa80000,0x0000000770500000)
 ParOldGen       total 129024K, used 10207K [0x00000006c3000000, 0x00000006cae00000, 0x000000076bb00000)
  object space 129024K, 7% used [0x00000006c3000000,0x00000006c39f7c98,0x00000006cae00000)
 Metaspace       used 20304K, capacity 21108K, committed 21248K, reserved 1067008K
  class space    used 2473K, capacity 2688K, committed 2816K, reserved 1048576K
}
Event: 25.069 GC heap before
{Heap before GC invocations=4 (full 1):
 PSYoungGen      total 75776K, used 65024K [0x000000076bb00000, 0x0000000770f80000, 0x00000007c0000000)
  eden space 65024K, 100% used [0x000000076bb00000,0x000000076fa80000,0x000000076fa80000)
  from space 10752K, 0% used [0x0000000770500000,0x0000000770500000,0x0000000770f80000)
  to   space 10752K, 0% used [0x000000076fa80000,0x000000076fa80000,0x0000000770500000)
 ParOldGen       total 129024K, used 10207K [0x00000006c3000000, 0x00000006cae00000, 0x000000076bb00000)
  object space 129024K, 7% used [0x00000006c3000000,0x00000006c39f7c98,0x00000006cae00000)
 Metaspace       used 21584K, capacity 22478K, committed 22656K, reserved 1069056K
  class space    used 2616K, capacity 2831K, committed 2944K, reserved 1048576K
Event: 25.072 GC heap after
Heap after GC invocations=4 (full 1):
 PSYoungGen      total 75776K, used 1969K [0x000000076bb00000, 0x0000000771880000, 0x00000007c0000000)
  eden space 65024K, 0% used [0x000000076bb00000,0x000000076bb00000,0x000000076fa80000)
  from space 10752K, 18% used [0x000000076fa80000,0x000000076fc6c480,0x0000000770500000)
  to   space 10752K, 0% used [0x0000000770e00000,0x0000000770e00000,0x0000000771880000)
 ParOldGen       total 129024K, used 10215K [0x00000006c3000000, 0x00000006cae00000, 0x000000076bb00000)
  object space 129024K, 7% used [0x00000006c3000000,0x00000006c39f9c98,0x00000006cae00000)
 Metaspace       used 21584K, capacity 22478K, committed 22656K, reserved 1069056K
  class space    used 2616K, capacity 2831K, committed 2944K, reserved 1048576K
}
Event: 38.788 GC heap before
{Heap before GC invocations=5 (full 1):
 PSYoungGen      total 75776K, used 66993K [0x000000076bb00000, 0x0000000771880000, 0x00000007c0000000)
  eden space 65024K, 100% used [0x000000076bb00000,0x000000076fa80000,0x000000076fa80000)
  from space 10752K, 18% used [0x000000076fa80000,0x000000076fc6c480,0x0000000770500000)
  to   space 10752K, 0% used [0x0000000770e00000,0x0000000770e00000,0x0000000771880000)
 ParOldGen       total 129024K, used 10215K [0x00000006c3000000, 0x00000006cae00000, 0x000000076bb00000)
  object space 129024K, 7% used [0x00000006c3000000,0x00000006c39f9c98,0x00000006cae00000)
 Metaspace       used 21840K, capacity 22808K, committed 22912K, reserved 1069056K
  class space    used 2630K, capacity 2870K, committed 2944K, reserved 1048576K
Event: 38.791 GC heap after
Heap after GC invocations=5 (full 1):
 PSYoungGen      total 80896K, used 1680K [0x000000076bb00000, 0x0000000771680000, 0x00000007c0000000)
  eden space 72192K, 0% used [0x000000076bb00000,0x000000076bb00000,0x0000000770180000)
  from space 8704K, 19% used [0x0000000770e00000,0x0000000770fa4348,0x0000000771680000)
  to   space 10752K, 0% used [0x0000000770180000,0x0000000770180000,0x0000000770c00000)
 ParOldGen       total 129024K, used 10223K [0x00000006c3000000, 0x00000006cae00000, 0x000000076bb00000)
  object space 129024K, 7% used [0x00000006c3000000,0x00000006c39fbc98,0x00000006cae00000)
 Metaspace       used 21840K, capacity 22808K, committed 22912K, reserved 1069056K
  class space    used 2630K, capacity 2870K, committed 2944K, reserved 1048576K
}
Event: 54.155 GC heap before
{Heap before GC invocations=6 (full 1):
 PSYoungGen      total 80896K, used 73872K [0x000000076bb00000, 0x0000000771680000, 0x00000007c0000000)
  eden space 72192K, 100% used [0x000000076bb00000,0x0000000770180000,0x0000000770180000)
  from space 8704K, 19% used [0x0000000770e00000,0x0000000770fa4348,0x0000000771680000)
  to   space 10752K, 0% used [0x0000000770180000,0x0000000770180000,0x0000000770c00000)
 ParOldGen       total 129024K, used 10223K [0x00000006c3000000, 0x00000006cae00000, 0x000000076bb00000)
  object space 129024K, 7% used [0x00000006c3000000,0x00000006c39fbc98,0x00000006cae00000)
 Metaspace       used 21960K, capacity 22944K, committed 23168K, reserved 1069056K
  class space    used 2632K, capacity 2870K, committed 2944K, reserved 1048576K
Event: 54.157 GC heap after
Heap after GC invocations=6 (full 1):
 PSYoungGen      total 82944K, used 1775K [0x000000076bb00000, 0x0000000772180000, 0x00000007c0000000)
  eden space 72192K, 0% used [0x000000076bb00000,0x000000076bb00000,0x0000000770180000)
  from space 10752K, 16% used [0x0000000770180000,0x000000077033bc18,0x0000000770c00000)
  to   space 13312K, 0% used [0x0000000771480000,0x0000000771480000,0x0000000772180000)
 ParOldGen       total 129024K, used 10231K [0x00000006c3000000, 0x00000006cae00000, 0x000000076bb00000)
  object space 129024K, 7% used [0x00000006c3000000,0x00000006c39fdc98,0x00000006cae00000)
 Metaspace       used 21960K, capacity 22944K, committed 23168K, reserved 1069056K
  class space    used 2632K, capacity 2870K, committed 2944K, reserved 1048576K
}

Deoptimization events (10 events):
Event: 34.920 Thread 0x0000020e96fa4000 Uncommon trap: reason=unstable_if action=reinterpret pc=0x0000020e99260e24 method=java.lang.Character.isHighSurrogate(C)Z @ 3
Event: 34.922 Thread 0x0000020e96fa4000 Uncommon trap: reason=unstable_if action=reinterpret pc=0x0000020e98b6a534 method=sun.nio.cs.UTF_8$Encoder.encode([CII[B)I @ 33
Event: 51.924 Thread 0x0000020e96fa4000 Uncommon trap: reason=class_check action=maybe_recompile pc=0x0000020e98dcd968 method=java.util.stream.AbstractPipeline.wrapAndCopyInto(Ljava/util/stream/Sink;Ljava/util/Spliterator;)Ljava/util/stream/Sink; @ 6
Event: 51.924 Thread 0x0000020e96fa4000 Uncommon trap: reason=class_check action=maybe_recompile pc=0x0000020e98dcd968 method=java.util.stream.AbstractPipeline.wrapAndCopyInto(Ljava/util/stream/Sink;Ljava/util/Spliterator;)Ljava/util/stream/Sink; @ 6
Event: 51.924 Thread 0x0000020e96fa4000 Uncommon trap: reason=class_check action=maybe_recompile pc=0x0000020e98dcd968 method=java.util.stream.AbstractPipeline.wrapAndCopyInto(Ljava/util/stream/Sink;Ljava/util/Spliterator;)Ljava/util/stream/Sink; @ 6
Event: 51.924 Thread 0x0000020e96fa4000 Uncommon trap: reason=class_check action=maybe_recompile pc=0x0000020e98dcd968 method=java.util.stream.AbstractPipeline.wrapAndCopyInto(Ljava/util/stream/Sink;Ljava/util/Spliterator;)Ljava/util/stream/Sink; @ 6
Event: 55.258 Thread 0x0000020e96fa4000 Uncommon trap: reason=bimorphic action=maybe_recompile pc=0x0000020e9917f3dc method=java.util.regex.Pattern$5.isSatisfiedBy(I)Z @ 5
Event: 55.258 Thread 0x0000020e96fa4000 Uncommon trap: reason=bimorphic action=maybe_recompile pc=0x0000020e9917f3dc method=java.util.regex.Pattern$5.isSatisfiedBy(I)Z @ 5
Event: 55.258 Thread 0x0000020e96fa4000 Uncommon trap: reason=bimorphic action=maybe_recompile pc=0x0000020e9917f3dc method=java.util.regex.Pattern$5.isSatisfiedBy(I)Z @ 5
Event: 55.258 Thread 0x0000020e96fa4000 Uncommon trap: reason=bimorphic action=maybe_recompile pc=0x0000020e9917f3dc method=java.util.regex.Pattern$5.isSatisfiedBy(I)Z @ 5

Classes redefined (4 events):
Event: 222.043 Thread 0x0000020eb1c18800 redefined class name=com.eisrem.testCases.Module_Organization.TC_Organization_Users_End_Date_Location, count=1
Event: 389.574 Thread 0x0000020eb1c18800 redefined class name=com.eisrem.testCases.Module_Organization.TC_Organization_Users_End_Date_Location, count=2
Event: 3481.093 Thread 0x0000020eb1c18800 redefined class name=com.eisrem.testCases.Module_Organization.TC_Organization_Users_End_Date_Location, count=3
Event: 3644.369 Thread 0x0000020eb1c18800 redefined class name=com.eisrem.testCases.Module_Organization.TC_Organization_Users_End_Date_Location, count=4

Internal exceptions (10 events):
Event: 58.559 Thread 0x0000020e96fa4000 Exception <a 'java/net/SocketTimeoutException': Read timed out> (0x000000076c85f8d0) thrown at [C:\jenkins\workspace\8-2-build-windows-amd64-cygwin\jdk8u261\295\hotspot\src\share\vm\prims\jni.cpp, line 737]
Event: 58.569 Thread 0x0000020e96fa4000 Exception <a 'java/net/SocketTimeoutException': Read timed out> (0x000000076cc95a60) thrown at [C:\jenkins\workspace\8-2-build-windows-amd64-cygwin\jdk8u261\295\hotspot\src\share\vm\prims\jni.cpp, line 737]
Event: 58.578 Thread 0x0000020e96fa4000 Exception <a 'java/net/SocketTimeoutException': Read timed out> (0x000000076ccc3ca0) thrown at [C:\jenkins\workspace\8-2-build-windows-amd64-cygwin\jdk8u261\295\hotspot\src\share\vm\prims\jni.cpp, line 737]
Event: 58.589 Thread 0x0000020e96fa4000 Exception <a 'java/net/SocketTimeoutException': Read timed out> (0x000000076d0f4d40) thrown at [C:\jenkins\workspace\8-2-build-windows-amd64-cygwin\jdk8u261\295\hotspot\src\share\vm\prims\jni.cpp, line 737]
Event: 58.598 Thread 0x0000020e96fa4000 Exception <a 'java/net/SocketTimeoutException': Read timed out> (0x000000076d107f48) thrown at [C:\jenkins\workspace\8-2-build-windows-amd64-cygwin\jdk8u261\295\hotspot\src\share\vm\prims\jni.cpp, line 737]
Event: 58.605 Thread 0x0000020e96fa4000 Exception <a 'java/net/SocketTimeoutException': Read timed out> (0x000000076d126320) thrown at [C:\jenkins\workspace\8-2-build-windows-amd64-cygwin\jdk8u261\295\hotspot\src\share\vm\prims\jni.cpp, line 737]
Event: 59.613 Thread 0x0000020e96fa4000 Exception <a 'java/net/SocketTimeoutException': Read timed out> (0x000000076d139360) thrown at [C:\jenkins\workspace\8-2-build-windows-amd64-cygwin\jdk8u261\295\hotspot\src\share\vm\prims\jni.cpp, line 737]
Event: 59.622 Thread 0x0000020e96fa4000 Exception <a 'java/net/SocketTimeoutException': Read timed out> (0x000000076d1577c0) thrown at [C:\jenkins\workspace\8-2-build-windows-amd64-cygwin\jdk8u261\295\hotspot\src\share\vm\prims\jni.cpp, line 737]
Event: 59.629 Thread 0x0000020e96fa4000 Exception <a 'java/net/SocketTimeoutException': Read timed out> (0x000000076d169910) thrown at [C:\jenkins\workspace\8-2-build-windows-amd64-cygwin\jdk8u261\295\hotspot\src\share\vm\prims\jni.cpp, line 737]
Event: 59.638 Thread 0x0000020e96fa4000 Exception <a 'java/net/SocketTimeoutException': Read timed out> (0x000000076d1878e0) thrown at [C:\jenkins\workspace\8-2-build-windows-amd64-cygwin\jdk8u261\295\hotspot\src\share\vm\prims\jni.cpp, line 737]

Events (10 events):
Event: 4937.654 Executing VM operation: GetOwnedMonitorInfo done
Event: 4939.783 Executing VM operation: GetOwnedMonitorInfo
Event: 4939.783 Executing VM operation: GetOwnedMonitorInfo done
Event: 4939.783 Executing VM operation: GetCurrentContendedMonitor
Event: 4939.783 Executing VM operation: GetCurrentContendedMonitor done
Event: 5015.300 Executing VM operation: GetCurrentContendedMonitor
Event: 5015.300 Executing VM operation: GetCurrentContendedMonitor done
Event: 5015.301 Executing VM operation: GetOwnedMonitorInfo
Event: 5015.301 Executing VM operation: GetOwnedMonitorInfo done
Event: 5706.739 Executing VM operation: RedefineClasses


Dynamic libraries:
0x00007ff6ba4f0000 - 0x00007ff6ba537000 	C:\Program Files\Java\jdk1.8.0_261\bin\javaw.exe
0x00007ff891780000 - 0x00007ff891970000 	C:\WINDOWS\SYSTEM32\ntdll.dll
0x00007ff88f8c0000 - 0x00007ff88f973000 	C:\WINDOWS\System32\KERNEL32.DLL
0x00007ff88eec0000 - 0x00007ff88f166000 	C:\WINDOWS\System32\KERNELBASE.dll
0x00007ff890d20000 - 0x00007ff890dc3000 	C:\WINDOWS\System32\ADVAPI32.dll
0x00007ff8913a0000 - 0x00007ff89143e000 	C:\WINDOWS\System32\msvcrt.dll
0x00007ff88f820000 - 0x00007ff88f8b7000 	C:\WINDOWS\System32\sechost.dll
0x00007ff890650000 - 0x00007ff89076f000 	C:\WINDOWS\System32\RPCRT4.dll
0x00007ff890a80000 - 0x00007ff890c14000 	C:\WINDOWS\System32\USER32.dll
0x00007ff88f200000 - 0x00007ff88f221000 	C:\WINDOWS\System32\win32u.dll
0x00007ff891510000 - 0x00007ff891536000 	C:\WINDOWS\System32\GDI32.dll
0x00007ff88f3b0000 - 0x00007ff88f548000 	C:\WINDOWS\System32\gdi32full.dll
0x00007ff88f600000 - 0x00007ff88f69e000 	C:\WINDOWS\System32\msvcp_win.dll
0x00007ff88f6a0000 - 0x00007ff88f79a000 	C:\WINDOWS\System32\ucrtbase.dll
0x00007ff88cd30000 - 0x00007ff88cfb4000 	C:\WINDOWS\WinSxS\amd64_microsoft.windows.common-controls_6595b64144ccf1df_6.0.18362.1801_none_9e79a739e46243f0\COMCTL32.dll
0x00007ff891060000 - 0x00007ff891396000 	C:\WINDOWS\System32\combase.dll
0x00007ff88f170000 - 0x00007ff88f1f4000 	C:\WINDOWS\System32\bcryptPrimitives.dll
0x00007ff890930000 - 0x00007ff89095e000 	C:\WINDOWS\System32\IMM32.DLL
0x00007ff85c070000 - 0x00007ff85c114000 	C:\Program Files\McAfee\Endpoint Security\Threat Prevention\Ips\EpMPApi.dll
0x00007ff88f7c0000 - 0x00007ff88f81c000 	C:\WINDOWS\System32\WINTRUST.dll
0x00007ff88e6d0000 - 0x00007ff88e6e2000 	C:\WINDOWS\System32\MSASN1.dll
0x00007ff88f230000 - 0x00007ff88f37a000 	C:\WINDOWS\System32\CRYPT32.dll
0x000000005df50000 - 0x000000005df5c000 	C:\Program Files\McAfee\Endpoint Security\Threat Prevention\Ips\EpMPThe.dll
0x00007ff86b5c0000 - 0x00007ff86b5d5000 	C:\Program Files\Java\jdk1.8.0_261\jre\bin\vcruntime140.dll
0x00007ff86a550000 - 0x00007ff86a5eb000 	C:\Program Files\Java\jdk1.8.0_261\jre\bin\msvcp140.dll
0x000000005ed70000 - 0x000000005f5dc000 	C:\Program Files\Java\jdk1.8.0_261\jre\bin\server\jvm.dll
0x00007ff890920000 - 0x00007ff890928000 	C:\WINDOWS\System32\PSAPI.DLL
0x00007ff885ef0000 - 0x00007ff885ef9000 	C:\WINDOWS\SYSTEM32\WSOCK32.dll
0x00007ff87dc50000 - 0x00007ff87dc74000 	C:\WINDOWS\SYSTEM32\WINMM.dll
0x00007ff886de0000 - 0x00007ff886dea000 	C:\WINDOWS\SYSTEM32\VERSION.dll
0x0000020e989b0000 - 0x0000020e98a1f000 	C:\WINDOWS\System32\ws2_32.DLL
0x00007ff87dc20000 - 0x00007ff87dc4d000 	C:\WINDOWS\SYSTEM32\WINMMBASE.dll
0x00007ff88ee70000 - 0x00007ff88eeba000 	C:\WINDOWS\System32\cfgmgr32.dll
0x00007ff88e640000 - 0x00007ff88e651000 	C:\WINDOWS\System32\kernel.appcore.dll
0x00007ff86a180000 - 0x00007ff86a190000 	C:\Program Files\Java\jdk1.8.0_261\jre\bin\verify.dll
0x00007ff86a150000 - 0x00007ff86a17b000 	C:\Program Files\Java\jdk1.8.0_261\jre\bin\java.dll
0x00007ff86e4b0000 - 0x00007ff86e4e6000 	C:\Program Files\Java\jdk1.8.0_261\jre\bin\jdwp.dll
0x00007ff87e850000 - 0x00007ff87e859000 	C:\Program Files\Java\jdk1.8.0_261\jre\bin\npt.dll
0x00007ff86a100000 - 0x00007ff86a118000 	C:\Program Files\Java\jdk1.8.0_261\jre\bin\zip.dll
0x00007ff88f980000 - 0x00007ff890067000 	C:\WINDOWS\System32\SHELL32.dll
0x00007ff891690000 - 0x00007ff891739000 	C:\WINDOWS\System32\shcore.dll
0x00007ff88e6f0000 - 0x00007ff88ee6b000 	C:\WINDOWS\System32\windows.storage.dll
0x00007ff88e6b0000 - 0x00007ff88e6ce000 	C:\WINDOWS\System32\profapi.dll
0x00007ff88e660000 - 0x00007ff88e6aa000 	C:\WINDOWS\System32\powrprof.dll
0x00007ff88e630000 - 0x00007ff88e640000 	C:\WINDOWS\System32\UMPDC.dll
0x00007ff890f90000 - 0x00007ff890fe2000 	C:\WINDOWS\System32\shlwapi.dll
0x00007ff88f7a0000 - 0x00007ff88f7b7000 	C:\WINDOWS\System32\cryptsp.dll
0x00007ff87e5c0000 - 0x00007ff87e5ca000 	C:\Program Files\Java\jdk1.8.0_261\jre\bin\dt_socket.dll
0x00007ff863fb0000 - 0x00007ff863fc6000 	C:\WINDOWS\system32\napinsp.dll
0x00007ff863f90000 - 0x00007ff863faa000 	C:\WINDOWS\system32\pnrpnsp.dll
0x00007ff88de10000 - 0x00007ff88de77000 	C:\WINDOWS\System32\mswsock.dll
0x00007ff88db60000 - 0x00007ff88dc2a000 	C:\WINDOWS\SYSTEM32\DNSAPI.dll
0x00007ff890c80000 - 0x00007ff890c88000 	C:\WINDOWS\System32\NSI.dll
0x00007ff88db20000 - 0x00007ff88db5a000 	C:\WINDOWS\SYSTEM32\IPHLPAPI.DLL
0x00007ff863dd0000 - 0x00007ff863dde000 	C:\WINDOWS\System32\winrnr.dll
0x00007ff888540000 - 0x00007ff88855c000 	C:\WINDOWS\system32\NLAapi.dll
0x00007ff8638a0000 - 0x00007ff8638b5000 	C:\WINDOWS\system32\wshbth.dll
0x00007ff889ba0000 - 0x00007ff889c17000 	C:\WINDOWS\System32\fwpuclnt.dll
0x00007ff88f380000 - 0x00007ff88f3a6000 	C:\WINDOWS\System32\bcrypt.dll
0x00007ff885bb0000 - 0x00007ff885bba000 	C:\Windows\System32\rasadhlp.dll
0x00007ff868950000 - 0x00007ff86896c000 	C:\Program Files\Java\jdk1.8.0_261\jre\bin\net.dll
0x00007ff88d720000 - 0x00007ff88d753000 	C:\WINDOWS\system32\rsaenh.dll
0x00007ff88e550000 - 0x00007ff88e575000 	C:\WINDOWS\SYSTEM32\USERENV.dll
0x00007ff88dfe0000 - 0x00007ff88dfec000 	C:\WINDOWS\SYSTEM32\CRYPTBASE.dll
0x00007ff889b20000 - 0x00007ff889b36000 	C:\WINDOWS\SYSTEM32\dhcpcsvc6.DLL
0x00007ff889ad0000 - 0x00007ff889aec000 	C:\WINDOWS\SYSTEM32\dhcpcsvc.DLL
0x00007ff868090000 - 0x00007ff8680a3000 	C:\Program Files\Java\jdk1.8.0_261\jre\bin\nio.dll
0x00007ff864100000 - 0x00007ff864124000 	C:\Program Files\Java\jdk1.8.0_261\jre\bin\sunec.dll
0x00007ff863f80000 - 0x00007ff863f8d000 	C:\Program Files\Java\jdk1.8.0_261\jre\bin\sunmscapi.dll
0x00007ff88e140000 - 0x00007ff88e166000 	C:\WINDOWS\SYSTEM32\ncrypt.dll
0x00007ff88e100000 - 0x00007ff88e13b000 	C:\WINDOWS\SYSTEM32\NTASN1.dll
0x00007ff88c530000 - 0x00007ff88c724000 	C:\WINDOWS\SYSTEM32\dbghelp.dll

VM Arguments:
jvm_args: -agentlib:jdwp=transport=dt_socket,suspend=y,address=localhost:60817 -ea -Dfile.encoding=Cp1252 
java_command: org.testng.remote.RemoteTestNG -serport 54227 -protocol json -d C:\Users\Miah.Arif\eclipse-workspace4\EISREM_Selenium\test-output C:\Users\MIAH~1.ARI\AppData\Local\Temp\testng-eclipse--812210138\testng-customsuite.xml
java_class_path (initial): C:\Users\Miah.Arif\eclipse\java-2020-092\eclipse\configuration\org.eclipse.osgi\474\0\.cp\lib\testng-remote.jar;C:\Users\Miah.Arif\eclipse-workspace4\EISREM_Selenium\target\test-classes;C:\Users\Miah.Arif\eclipse-workspace4\EISREM_Selenium\mybatis-3.5.7.jar;C:\Users\Miah.Arif\.m2\repository\org\seleniumhq\selenium\selenium-java\3.141.59\selenium-java-3.141.59.jar;C:\Users\Miah.Arif\.m2\repository\org\seleniumhq\selenium\selenium-api\3.141.59\selenium-api-3.141.59.jar;C:\Users\Miah.Arif\.m2\repository\org\seleniumhq\selenium\selenium-chrome-driver\3.141.59\selenium-chrome-driver-3.141.59.jar;C:\Users\Miah.Arif\.m2\repository\org\seleniumhq\selenium\selenium-edge-driver\3.141.59\selenium-edge-driver-3.141.59.jar;C:\Users\Miah.Arif\.m2\repository\org\seleniumhq\selenium\selenium-firefox-driver\3.141.59\selenium-firefox-driver-3.141.59.jar;C:\Users\Miah.Arif\.m2\repository\org\seleniumhq\selenium\selenium-ie-driver\3.141.59\selenium-ie-driver-3.141.59.jar;C:\Users\Miah.Arif\.m2\repository\org\seleniumhq\selenium\selenium-opera-driver\3.141.59\selenium-opera-driver-3.141.59.jar;C:\Users\Miah.Arif\.m2\repository\org\seleniumhq\selenium\selenium-remote-driver\3.141.59\selenium-remote-driver-3.141.59.jar;C:\Users\Miah.Arif\.m2\repository\org\seleniumhq\selenium\selenium-safari-driver\3.141.59\selenium-safari-driver-3.141.59.jar;C:\Users\Miah.Arif\.m2\repository\org\seleniumhq\selenium\selenium-support\3.141.59\selenium-support-3.141.59.jar;C:\Users\Miah.Arif\.m2\repository\net\bytebuddy\byte-buddy\1.8.15\byte-buddy-1.8.15.jar;C:\Users\Miah.Arif\.m2\repository\org\apache\commons\commons-exec\1.3\commons-exec-1.3.jar;C:\Users\Miah.Arif\.m2\repository\com\google\guava\guava\25.0-jre\guava-25.0-jre.jar;C:\Users\Miah.Arif\.m2\repository\com\google\code\findbugs\jsr305\1.3.9\jsr305-1.3.9.jar;C:\Users\Miah.Arif\.m2\repository\org\checkerframework\checker-compat-qual\2.0.0\checker-compat-qual-2.0.0.jar;C:\Users\Miah.Arif\.m2\repository\com\google\errorp
Launcher Type: SUN_STANDARD

Environment Variables:
JAVA_HOME=C:\Program Files\Java\jdk1.8.0_261
PATH=C:\Program Files\Java\jdk1.8.0_261\jre\bin;C:/Users/Miah.Arif/.p2/pool/plugins/org.eclipse.justj.openjdk.hotspot.jre.full.win32.x86_64_14.0.2.v20200815-0932/jre/bin/server;C:/Users/Miah.Arif/.p2/pool/plugins/org.eclipse.justj.openjdk.hotspot.jre.full.win32.x86_64_14.0.2.v20200815-0932/jre/bin;C:\Program Files (x86)\Common Files\Oracle\Java\javapath;C:\Program Files (x86)\RSA SecurID Token Common;C:\WINDOWS\system32;C:\WINDOWS;C:\WINDOWS\System32\Wbem;C:\WINDOWS\System32\WindowsPowerShell\v1.0\;C:\WINDOWS\System32\OpenSSH\;C:\Program Files\Java\jdk1.8.0_261\bin;C:\Program Files\apache-maven-3.6.3\bin;Drivers;C:\Program Files (x86)\Pulse Secure\VC142.CRT\X64\;C:\Program Files (x86)\Pulse Secure\VC142.CRT\X86\;C:\Program Files\TortoiseSVN\bin;C:\Program Files\Git\cmd;C:\Users\Miah.Arif\AppData\Local\Microsoft\WindowsApps;;C:\Users\Miah.Arif\OneDrive - State of Maine\Desktop;
USERNAME=Miah.Arif
OS=Windows_NT
PROCESSOR_IDENTIFIER=Intel64 Family 6 Model 142 Stepping 12, GenuineIntel



---------------  S Y S T E M  ---------------

OS: Windows 10.0 , 64 bit Build 18362 (10.0.18362.1766)

CPU:total 8 (initial active 8) (4 cores per cpu, 2 threads per core) family 6 model 142 stepping 12, cmov, cx8, fxsr, mmx, sse, sse2, sse3, ssse3, sse4.1, sse4.2, popcnt, avx, avx2, aes, clmul, erms, 3dnowpref, lzcnt, ht, tsc, tscinvbit, bmi1, bmi2, adx

Memory: 4k page, physical 16578856k(3859596k free), swap 21786136k(2558168k free)

vm_info: Java HotSpot(TM) 64-Bit Server VM (25.261-b12) for windows-amd64 JRE (1.8.0_261-b12), built on Jun 18 2020 06:56:32 by "" with unknown MS VC++:1916

time: Wed Oct 20 14:18:49 2021
timezone: Eastern Daylight Time
elapsed time: 5706 seconds (0d 1h 35m 6s)

